<?xml version="1.0" encoding="UTF-8"?>
<!-- Generated by org.testng.reporters.JUnitXMLReporter -->
<testsuite ignored="0" hostname="INL6J4P4M2" failures="20" tests="103" name="WOI_API" time="114.552" errors="0" timestamp="18 Sep 2020 16:48:18 GMT">
  <testcase classname="Tests.VodAPiITests.Filter_Catalog_API" name="F" time="0.094">
    <skipped/>
  </testcase> <!-- F -->
  <testcase classname="Tests.VodAPiITests.Filter_Catalog_API" name="F" time="0.0"/>
  <testcase classname="Tests.VodAPiITests.Filter_Catalog_API" name="F" time="0.0"/>
  <testcase classname="Tests.VodAPiITests.Filter_Catalog_API" name="F" time="0.004"/>
  <testcase classname="Tests.VodAPiITests.Filter_Catalog_API" name="FilterCatalogResponseValidation" time="0.137">
    <failure type="org.testng.internal.reflect.MethodMatcherException" message="
Data provider mismatch
Method: FilterCatalogResponseValidation([Parameter{index=0, type=java.lang.String, declaredAnnotations=[]}, Parameter{index=1, type=java.lang.String, declaredAnnotations=[]}, Parameter{index=2, type=java.lang.String, declaredAnnotations=[]}])
Arguments: [(java.lang.String) F_1,(java.lang.String) filteredcatalog?apikey=2d22ac1d42e6187f09ee6c578df187a760123ccf&amp;amp;responseformat=&amp;amp;programmelanguage=&amp;amp;filtertype=&amp;amp;programmegenre=&amp;amp;pageno=&amp;amp;recordsize=&amp;amp;searchsortfield=&amp;amp;searchorder=&amp;amp;context=applicationname=test;programmeimagewidth=660;programmeimageheight=880;,(java.lang.String) 11070,(java.lang.String) N]">
      <![CDATA[org.testng.internal.reflect.MethodMatcherException: 
Data provider mismatch
Method: FilterCatalogResponseValidation([Parameter{index=0, type=java.lang.String, declaredAnnotations=[]}, Parameter{index=1, type=java.lang.String, declaredAnnotations=[]}, Parameter{index=2, type=java.lang.String, declaredAnnotations=[]}])
Arguments: [(java.lang.String) F_1,(java.lang.String) filteredcatalog?apikey=2d22ac1d42e6187f09ee6c578df187a760123ccf&responseformat=&programmelanguage=&filtertype=&programmegenre=&pageno=&recordsize=&searchsortfield=&searchorder=&context=applicationname=test;programmeimagewidth=660;programmeimageheight=880;,(java.lang.String) 11070,(java.lang.String) N]
... Removed 19 stack frames]]>
    </failure>
  </testcase> <!-- FilterCatalogResponseValidation -->
  <testcase classname="Tests.LinearAPITests.Https" name="Https" time="0.26">
    <failure type="java.lang.AssertionError" message="Response Code is not as expected! Expected: 200, Actual: 400 expected [true] but found [false]">
      <![CDATA[java.lang.AssertionError: Response Code is not as expected! Expected: 200, Actual: 400 expected [true] but found [false]
at Tests.LinearAPITests.Https.Https(Https.java:61)
... Removed 27 stack frames]]>
    </failure>
  </testcase> <!-- Https -->
  <testcase classname="Tests.LinearAPITests.Https" name="Https" time="0.03">
    <failure type="java.lang.AssertionError" message="Response Code is not as expected! Expected: 200, Actual: 400 expected [true] but found [false]">
      <![CDATA[java.lang.AssertionError: Response Code is not as expected! Expected: 200, Actual: 400 expected [true] but found [false]
at Tests.LinearAPITests.Https.Https(Https.java:61)
... Removed 27 stack frames]]>
    </failure>
  </testcase> <!-- Https -->
  <testcase classname="Tests.LinearAPITests.Https" name="Https" time="0.038"/>
  <testcase classname="Tests.LinearAPITests.Https" name="Https" time="0.048">
    <failure type="java.lang.AssertionError" message="Response Code is not as expected! Expected: 200, Actual: 500 expected [true] but found [false]">
      <![CDATA[java.lang.AssertionError: Response Code is not as expected! Expected: 200, Actual: 500 expected [true] but found [false]
at Tests.LinearAPITests.Https.Https(Https.java:61)
... Removed 27 stack frames]]>
    </failure>
  </testcase> <!-- Https -->
  <testcase classname="Tests.LinearAPITests.Https" name="Https" time="0.137"/>
  <testcase classname="Tests.LinearAPITests.Https" name="Https" time="0.66"/>
  <testcase classname="Tests.LinearAPITests.Https" name="Https" time="0.031">
    <failure type="java.lang.AssertionError" message="Response Code is not as expected! Expected: 200, Actual: 403 expected [true] but found [false]">
      <![CDATA[java.lang.AssertionError: Response Code is not as expected! Expected: 200, Actual: 403 expected [true] but found [false]
at Tests.LinearAPITests.Https.Https(Https.java:61)
... Removed 27 stack frames]]>
    </failure>
  </testcase> <!-- Https -->
  <testcase classname="Tests.LinearAPITests.Https" name="Https" time="0.043"/>
  <testcase classname="Tests.LinearAPITests.Https" name="Https" time="0.127"/>
  <testcase classname="Tests.LinearAPITests.Https" name="Https" time="0.202"/>
  <testcase classname="Tests.LinearAPITests.Https" name="Https" time="0.151"/>
  <testcase classname="Tests.LinearAPITests.Https" name="Https" time="0.111"/>
  <testcase classname="Tests.LinearAPITests.Https" name="Https" time="0.372"/>
  <testcase classname="Tests.LinearAPITests.Https" name="Https" time="0.814"/>
  <testcase classname="Tests.LinearAPITests.Https" name="Https" time="0.29"/>
  <testcase classname="Tests.LinearAPITests.Https" name="Https" time="0.876"/>
  <testcase classname="Tests.LinearAPITests.Https" name="Https" time="0.028"/>
  <testcase classname="Tests.LinearAPITests.Https" name="Https" time="0.034">
    <failure type="java.lang.AssertionError" message="Response Code is not as expected! Expected: 200, Actual: 400 expected [true] but found [false]">
      <![CDATA[java.lang.AssertionError: Response Code is not as expected! Expected: 200, Actual: 400 expected [true] but found [false]
at Tests.LinearAPITests.Https.Https(Https.java:61)
... Removed 26 stack frames]]>
    </failure>
  </testcase> <!-- Https -->
  <testcase classname="Tests.LinearAPITests.Https" name="Https" time="0.056"/>
  <testcase classname="Tests.LinearAPITests.Https" name="Https" time="0.129"/>
  <testcase classname="Tests.LinearAPITests.Https" name="Https" time="0.057"/>
  <testcase classname="Tests.LinearAPITests.Https" name="Https" time="0.521">
    <failure type="java.lang.AssertionError" message="videourl mismatch">
      <![CDATA[java.lang.AssertionError: videourl mismatch
at Tests.LinearAPITests.Https.Https(Https.java:123)
... Removed 24 stack frames]]>
    </failure>
  </testcase> <!-- Https -->
  <testcase classname="Tests.LinearAPITests.Https" name="Https" time="0.065"/>
  <testcase classname="Tests.LinearAPITests.Https" name="Https" time="0.429"/>
  <testcase classname="Tests.LinearAPITests.Https" name="Https" time="0.038">
    <failure type="java.lang.AssertionError" message="Response Code is not as expected! Expected: 200, Actual: 400 expected [true] but found [false]">
      <![CDATA[java.lang.AssertionError: Response Code is not as expected! Expected: 200, Actual: 400 expected [true] but found [false]
at Tests.LinearAPITests.Https.Https(Https.java:61)
... Removed 26 stack frames]]>
    </failure>
  </testcase> <!-- Https -->
  <testcase classname="Tests.LinearAPITests.Https" name="Https" time="0.031">
    <failure type="java.lang.AssertionError" message="Response Code is not as expected! Expected: 200, Actual: 400 expected [true] but found [false]">
      <![CDATA[java.lang.AssertionError: Response Code is not as expected! Expected: 200, Actual: 400 expected [true] but found [false]
at Tests.LinearAPITests.Https.Https(Https.java:61)
... Removed 26 stack frames]]>
    </failure>
  </testcase> <!-- Https -->
  <testcase classname="Tests.LinearAPITests.Https" name="Https" time="0.125"/>
  <testcase classname="Tests.LinearAPITests.Https" name="Https" time="0.099">
    <failure type="java.lang.AssertionError" message="programmeurl mismatch">
      <![CDATA[java.lang.AssertionError: programmeurl mismatch
at Tests.LinearAPITests.Https.Https(Https.java:89)
... Removed 24 stack frames]]>
    </failure>
  </testcase> <!-- Https -->
  <testcase classname="Tests.LinearAPITests.Https" name="Https" time="0.799"/>
  <testcase classname="Tests.LinearAPITests.Https" name="Https" time="0.047"/>
  <testcase classname="Tests.LinearAPITests.Https" name="Https" time="0.281"/>
  <testcase classname="Tests.LinearAPITests.Https" name="Https" time="0.492"/>
  <testcase classname="Tests.LinearAPITests.Https" name="Https" time="0.27"/>
  <testcase classname="Tests.LinearAPITests.Https" name="Https" time="0.492"/>
  <testcase classname="Tests.LinearAPITests.Https" name="Https" time="0.625"/>
  <testcase classname="Tests.LinearAPITests.Https" name="Https" time="0.11"/>
  <testcase classname="Tests.LinearAPITests.Https" name="Https" time="2.183"/>
  <testcase classname="Tests.LinearAPITests.Https" name="Https" time="0.074"/>
  <testcase classname="Tests.LinearAPITests.Https" name="Https" time="0.259"/>
  <testcase classname="Tests.LinearAPITests.Https" name="Https" time="0.031"/>
  <testcase classname="Tests.LinearAPITests.Https" name="Https" time="0.097"/>
  <testcase classname="Tests.LinearAPITests.Https" name="Https" time="0.101"/>
  <testcase classname="Tests.LinearAPITests.Https" name="Https" time="3.311">
    <failure type="java.lang.AssertionError" message="videourl mismatch">
      <![CDATA[java.lang.AssertionError: videourl mismatch
at Tests.LinearAPITests.Https.Https(Https.java:123)
... Removed 24 stack frames]]>
    </failure>
  </testcase> <!-- Https -->
  <testcase classname="Tests.LinearAPITests.Https" name="Https" time="0.179"/>
  <testcase classname="Tests.LinearAPITests.Https" name="Https" time="0.122"/>
  <testcase classname="Tests.LinearAPITests.Https" name="Https" time="0.282"/>
  <testcase classname="Tests.LinearAPITests.Https" name="Https" time="0.957"/>
  <testcase classname="Tests.LinearAPITests.Https" name="Https" time="0.123"/>
  <testcase classname="Tests.LinearAPITests.Https" name="Https" time="0.164"/>
  <testcase classname="Tests.LinearAPITests.Https" name="Https" time="0.061"/>
  <testcase classname="Tests.LinearAPITests.Https" name="Https" time="0.689">
    <failure type="java.lang.AssertionError" message="imagefilepath mismatch">
      <![CDATA[java.lang.AssertionError: imagefilepath mismatch
at Tests.LinearAPITests.Https.Https(Https.java:112)
... Removed 24 stack frames]]>
    </failure>
  </testcase> <!-- Https -->
  <testcase classname="Tests.LinearAPITests.Https" name="Https" time="0.125"/>
  <testcase classname="Tests.LinearAPITests.Https" name="Https" time="0.094"/>
  <testcase classname="Tests.LinearAPITests.Https" name="Https" time="0.031"/>
  <testcase classname="Tests.LinearAPITests.Https" name="Https" time="0.047"/>
  <testcase classname="Tests.LinearAPITests.Https" name="Https" time="0.047"/>
  <testcase classname="Tests.LinearAPITests.Https" name="Https" time="0.296"/>
  <testcase classname="Tests.LinearAPITests.Https" name="Https" time="0.061"/>
  <testcase classname="Tests.LinearAPITests.Https" name="Https" time="0.262"/>
  <testcase classname="Tests.LinearAPITests.Https" name="Https" time="0.121"/>
  <testcase classname="Tests.LinearAPITests.Https" name="Https" time="6.646"/>
  <testcase classname="Tests.LinearAPITests.Https" name="Https" time="0.056"/>
  <testcase classname="Tests.LinearAPITests.Https" name="Https" time="1.493"/>
  <testcase classname="Tests.LinearAPITests.Https" name="Https" time="0.136"/>
  <testcase classname="Tests.LinearAPITests.Https" name="Https" time="0.029">
    <failure type="java.lang.AssertionError" message="channellogourl mismatch">
      <![CDATA[java.lang.AssertionError: channellogourl mismatch
at Tests.LinearAPITests.Https.Https(Https.java:166)
... Removed 24 stack frames]]>
    </failure>
  </testcase> <!-- Https -->
  <testcase classname="Tests.LinearAPITests.Https" name="Https" time="6.348"/>
  <testcase classname="Tests.LinearAPITests.Https" name="Https" time="0.711"/>
  <testcase classname="Tests.LinearAPITests.Https" name="Https" time="0.109"/>
  <testcase classname="Tests.VodAPiITests.InputParameterValidation" name="InputParametersValidation" time="0.451"/>
  <testcase classname="Tests.VodAPiITests.InputParameterValidation" name="InputParametersValidation" time="0.14"/>
  <testcase classname="Tests.VodAPiITests.InputParameterValidation" name="InputParametersValidation" time="0.114"/>
  <testcase classname="Tests.VodAPiITests.InputParameterValidation" name="InputParametersValidation" time="0.215"/>
  <testcase classname="Tests.VodAPiITests.InputParameterValidation" name="InputParametersValidation" time="0.162"/>
  <testcase classname="Tests.VodAPiITests.InputParameterValidation" name="InputParametersValidation" time="0.124"/>
  <testcase classname="Tests.VodAPiITests.InputParameterValidation" name="InputParametersValidation" time="0.238"/>
  <testcase classname="Tests.VodAPiITests.InputParameterValidation" name="InputParametersValidation" time="0.1">
    <failure type="java.lang.AssertionError" message="exception mismatch">
      <![CDATA[java.lang.AssertionError: exception mismatch
at Tests.VodAPiITests.InputParameterValidation.InputParametersValidation(InputParameterValidation.java:82)
... Removed 25 stack frames]]>
    </failure>
  </testcase> <!-- InputParametersValidation -->
  <testcase classname="Tests.VodAPiITests.InputParameterValidation" name="InputParametersValidation" time="0.075"/>
  <testcase classname="Tests.VodAPiITests.InputParameterValidation" name="InputParametersValidation" time="0.192"/>
  <testcase classname="Tests.VodAPiITests.InputParameterValidation" name="InputParametersValidation" time="0.061">
    <failure type="java.lang.AssertionError" message="Response Code is not as expected! Expected: 400, Actual: 403 expected [true] but found [false]">
      <![CDATA[java.lang.AssertionError: Response Code is not as expected! Expected: 400, Actual: 403 expected [true] but found [false]
at Tests.VodAPiITests.InputParameterValidation.InputParametersValidation(InputParameterValidation.java:68)
... Removed 27 stack frames]]>
    </failure>
  </testcase> <!-- InputParametersValidation -->
  <testcase classname="Tests.VodAPiITests.InputParameterValidation" name="InputParametersValidation" time="0.08"/>
  <testcase classname="Tests.VodAPiITests.InputParameterValidation" name="InputParametersValidation" time="0.191"/>
  <testcase classname="Tests.VodAPiITests.InputParameterValidation" name="InputParametersValidation" time="0.16"/>
  <testcase classname="Tests.VodAPiITests.InputParameterValidation" name="InputParametersValidation" time="0.111"/>
  <testcase classname="Tests.VodAPiITests.InputParameterValidation" name="InputParametersValidation" time="0.151"/>
  <testcase classname="Tests.VodAPiITests.InputParameterValidation" name="InputParametersValidation" time="0.06">
    <failure type="java.lang.AssertionError" message="Response Code is not as expected! Expected: 400, Actual: 401 expected [true] but found [false]">
      <![CDATA[java.lang.AssertionError: Response Code is not as expected! Expected: 400, Actual: 401 expected [true] but found [false]
at Tests.VodAPiITests.InputParameterValidation.InputParametersValidation(InputParameterValidation.java:68)
... Removed 26 stack frames]]>
    </failure>
  </testcase> <!-- InputParametersValidation -->
  <testcase classname="Tests.VodAPiITests.InputParameterValidation" name="InputParametersValidation" time="0.058">
    <failure type="java.lang.AssertionError" message="Response Code is not as expected! Expected: 400, Actual: 401 expected [true] but found [false]">
      <![CDATA[java.lang.AssertionError: Response Code is not as expected! Expected: 400, Actual: 401 expected [true] but found [false]
at Tests.VodAPiITests.InputParameterValidation.InputParametersValidation(InputParameterValidation.java:68)
... Removed 26 stack frames]]>
    </failure>
  </testcase> <!-- InputParametersValidation -->
  <testcase classname="Tests.VodAPiITests.InputParameterValidation" name="InputParametersValidation" time="0.107"/>
  <testcase classname="Tests.VodAPiITests.InputParameterValidation" name="InputParametersValidation" time="0.078"/>
  <testcase classname="Tests.VodAPiITests.InputParameterValidation" name="InputParametersValidation" time="0.111"/>
  <testcase classname="Tests.VodAPiITests.InputParameterValidation" name="InputParametersValidation" time="0.019">
    <failure type="java.lang.AssertionError" message="Response Code is not as expected! Expected: 400, Actual: 401 expected [true] but found [false]">
      <![CDATA[java.lang.AssertionError: Response Code is not as expected! Expected: 400, Actual: 401 expected [true] but found [false]
at Tests.VodAPiITests.InputParameterValidation.InputParametersValidation(InputParameterValidation.java:68)
... Removed 26 stack frames]]>
    </failure>
  </testcase> <!-- InputParametersValidation -->
  <testcase classname="Tests.VodAPiITests.InputParameterValidation" name="InputParametersValidation" time="0.068"/>
  <testcase classname="Tests.VodAPiITests.InputParameterValidation" name="InputParametersValidation" time="0.121"/>
  <testcase classname="Tests.VodAPiITests.InputParameterValidation" name="InputParametersValidation" time="0.06"/>
  <testcase classname="Tests.VodAPiITests.InputParameterValidation" name="InputParametersValidation" time="0.097"/>
  <testcase classname="Tests.VodAPiITests.InputParameterValidation" name="InputParametersValidation" time="0.076"/>
  <testcase classname="Tests.VodAPiITests.Program_Detail_API" name="A" time="0.0">
    <skipped/>
  </testcase> <!-- A -->
  <testcase classname="Tests.VodAPiITests.Program_Detail_API" name="ProgramDetailResponseValidation" time="0.329">
    <failure type="java.lang.AssertionError" message="programmebackgroundimage mismatch">
      <![CDATA[java.lang.AssertionError: programmebackgroundimage mismatch
at Tests.VodAPiITests.Program_Detail_API.ProgramDetailResponseValidation(Program_Detail_API.java:96)
... Removed 25 stack frames]]>
    </failure>
  </testcase> <!-- ProgramDetailResponseValidation -->
  <testcase classname="Tests.VodAPiITests.Program_Detail_API" name="ProgramDetailResponseValidation" time="0.016">
    <failure type="java.lang.AssertionError" message="Response Code is not as expected! Expected: 400, Actual: 400 expected [true] but found [false]">
      <![CDATA[java.lang.AssertionError: Response Code is not as expected! Expected: 400, Actual: 400 expected [true] but found [false]
at Tests.VodAPiITests.Program_Detail_API.ProgramDetailResponseValidation(Program_Detail_API.java:99)
... Removed 27 stack frames]]>
    </failure>
  </testcase> <!-- ProgramDetailResponseValidation -->
</testsuite> <!-- WOI_API -->
