<?xml version="1.0" encoding="UTF-8"?>
<!-- Generated by org.testng.reporters.JUnitXMLReporter -->
<testsuite ignored="0" hostname="INL6J4P4M2" failures="12" tests="68" name="API Tests" time="25.229" errors="0" timestamp="18 Sep 2020 16:52:46 GMT">
  <testcase classname="Tests.LinearAPITests.Https" name="Https" time="0.443">
    <failure type="java.lang.AssertionError" message="Response Code is not as expected! Expected: 200, Actual: 400 expected [true] but found [false]">
      <![CDATA[java.lang.AssertionError: Response Code is not as expected! Expected: 200, Actual: 400 expected [true] but found [false]
at Tests.LinearAPITests.Https.Https(Https.java:61)
... Removed 27 stack frames]]>
    </failure>
  </testcase> <!-- Https -->
  <testcase classname="Tests.LinearAPITests.Https" name="Https" time="0.041">
    <failure type="java.lang.AssertionError" message="Response Code is not as expected! Expected: 200, Actual: 400 expected [true] but found [false]">
      <![CDATA[java.lang.AssertionError: Response Code is not as expected! Expected: 200, Actual: 400 expected [true] but found [false]
at Tests.LinearAPITests.Https.Https(Https.java:61)
... Removed 27 stack frames]]>
    </failure>
  </testcase> <!-- Https -->
  <testcase classname="Tests.LinearAPITests.Https" name="Https" time="0.07"/>
  <testcase classname="Tests.LinearAPITests.Https" name="Https" time="0.044">
    <failure type="java.lang.AssertionError" message="Response Code is not as expected! Expected: 200, Actual: 500 expected [true] but found [false]">
      <![CDATA[java.lang.AssertionError: Response Code is not as expected! Expected: 200, Actual: 500 expected [true] but found [false]
at Tests.LinearAPITests.Https.Https(Https.java:61)
... Removed 27 stack frames]]>
    </failure>
  </testcase> <!-- Https -->
  <testcase classname="Tests.LinearAPITests.Https" name="Https" time="0.169"/>
  <testcase classname="Tests.LinearAPITests.Https" name="Https" time="0.1"/>
  <testcase classname="Tests.LinearAPITests.Https" name="Https" time="0.023">
    <failure type="java.lang.AssertionError" message="Response Code is not as expected! Expected: 200, Actual: 403 expected [true] but found [false]">
      <![CDATA[java.lang.AssertionError: Response Code is not as expected! Expected: 200, Actual: 403 expected [true] but found [false]
at Tests.LinearAPITests.Https.Https(Https.java:61)
... Removed 27 stack frames]]>
    </failure>
  </testcase> <!-- Https -->
  <testcase classname="Tests.LinearAPITests.Https" name="Https" time="0.053"/>
  <testcase classname="Tests.LinearAPITests.Https" name="Https" time="0.38"/>
  <testcase classname="Tests.LinearAPITests.Https" name="Https" time="0.39"/>
  <testcase classname="Tests.LinearAPITests.Https" name="Https" time="0.11"/>
  <testcase classname="Tests.LinearAPITests.Https" name="Https" time="0.552"/>
  <testcase classname="Tests.LinearAPITests.Https" name="Https" time="0.072"/>
  <testcase classname="Tests.LinearAPITests.Https" name="Https" time="0.491"/>
  <testcase classname="Tests.LinearAPITests.Https" name="Https" time="0.044"/>
  <testcase classname="Tests.LinearAPITests.Https" name="Https" time="0.516"/>
  <testcase classname="Tests.LinearAPITests.Https" name="Https" time="0.045"/>
  <testcase classname="Tests.LinearAPITests.Https" name="Https" time="0.046">
    <failure type="java.lang.AssertionError" message="Response Code is not as expected! Expected: 200, Actual: 400 expected [true] but found [false]">
      <![CDATA[java.lang.AssertionError: Response Code is not as expected! Expected: 200, Actual: 400 expected [true] but found [false]
at Tests.LinearAPITests.Https.Https(Https.java:61)
... Removed 26 stack frames]]>
    </failure>
  </testcase> <!-- Https -->
  <testcase classname="Tests.LinearAPITests.Https" name="Https" time="0.049"/>
  <testcase classname="Tests.LinearAPITests.Https" name="Https" time="0.193"/>
  <testcase classname="Tests.LinearAPITests.Https" name="Https" time="0.056"/>
  <testcase classname="Tests.LinearAPITests.Https" name="Https" time="0.422">
    <failure type="java.lang.AssertionError" message="videourl mismatch">
      <![CDATA[java.lang.AssertionError: videourl mismatch
at Tests.LinearAPITests.Https.Https(Https.java:123)
... Removed 24 stack frames]]>
    </failure>
  </testcase> <!-- Https -->
  <testcase classname="Tests.LinearAPITests.Https" name="Https" time="0.034"/>
  <testcase classname="Tests.LinearAPITests.Https" name="Https" time="0.407"/>
  <testcase classname="Tests.LinearAPITests.Https" name="Https" time="0.055">
    <failure type="java.lang.AssertionError" message="Response Code is not as expected! Expected: 200, Actual: 400 expected [true] but found [false]">
      <![CDATA[java.lang.AssertionError: Response Code is not as expected! Expected: 200, Actual: 400 expected [true] but found [false]
at Tests.LinearAPITests.Https.Https(Https.java:61)
... Removed 26 stack frames]]>
    </failure>
  </testcase> <!-- Https -->
  <testcase classname="Tests.LinearAPITests.Https" name="Https" time="0.018">
    <failure type="java.lang.AssertionError" message="Response Code is not as expected! Expected: 200, Actual: 400 expected [true] but found [false]">
      <![CDATA[java.lang.AssertionError: Response Code is not as expected! Expected: 200, Actual: 400 expected [true] but found [false]
at Tests.LinearAPITests.Https.Https(Https.java:61)
... Removed 26 stack frames]]>
    </failure>
  </testcase> <!-- Https -->
  <testcase classname="Tests.LinearAPITests.Https" name="Https" time="0.101"/>
  <testcase classname="Tests.LinearAPITests.Https" name="Https" time="0.092">
    <failure type="java.lang.AssertionError" message="programmeurl mismatch">
      <![CDATA[java.lang.AssertionError: programmeurl mismatch
at Tests.LinearAPITests.Https.Https(Https.java:89)
... Removed 24 stack frames]]>
    </failure>
  </testcase> <!-- Https -->
  <testcase classname="Tests.LinearAPITests.Https" name="Https" time="0.86"/>
  <testcase classname="Tests.LinearAPITests.Https" name="Https" time="0.03"/>
  <testcase classname="Tests.LinearAPITests.Https" name="Https" time="0.265"/>
  <testcase classname="Tests.LinearAPITests.Https" name="Https" time="0.506"/>
  <testcase classname="Tests.LinearAPITests.Https" name="Https" time="0.151"/>
  <testcase classname="Tests.LinearAPITests.Https" name="Https" time="0.411"/>
  <testcase classname="Tests.LinearAPITests.Https" name="Https" time="0.256"/>
  <testcase classname="Tests.LinearAPITests.Https" name="Https" time="0.095"/>
  <testcase classname="Tests.LinearAPITests.Https" name="Https" time="1.564"/>
  <testcase classname="Tests.LinearAPITests.Https" name="Https" time="0.094"/>
  <testcase classname="Tests.LinearAPITests.Https" name="Https" time="0.278"/>
  <testcase classname="Tests.LinearAPITests.Https" name="Https" time="0.061"/>
  <testcase classname="Tests.LinearAPITests.Https" name="Https" time="0.087"/>
  <testcase classname="Tests.LinearAPITests.Https" name="Https" time="0.062"/>
  <testcase classname="Tests.LinearAPITests.Https" name="Https" time="3.008">
    <failure type="java.lang.AssertionError" message="videourl mismatch">
      <![CDATA[java.lang.AssertionError: videourl mismatch
at Tests.LinearAPITests.Https.Https(Https.java:123)
... Removed 24 stack frames]]>
    </failure>
  </testcase> <!-- Https -->
  <testcase classname="Tests.LinearAPITests.Https" name="Https" time="0.125"/>
  <testcase classname="Tests.LinearAPITests.Https" name="Https" time="0.09"/>
  <testcase classname="Tests.LinearAPITests.Https" name="Https" time="0.409"/>
  <testcase classname="Tests.LinearAPITests.Https" name="Https" time="0.096"/>
  <testcase classname="Tests.LinearAPITests.Https" name="Https" time="0.077"/>
  <testcase classname="Tests.LinearAPITests.Https" name="Https" time="0.146"/>
  <testcase classname="Tests.LinearAPITests.Https" name="Https" time="0.11"/>
  <testcase classname="Tests.LinearAPITests.Https" name="Https" time="0.574">
    <failure type="java.lang.AssertionError" message="imagefilepath mismatch">
      <![CDATA[java.lang.AssertionError: imagefilepath mismatch
at Tests.LinearAPITests.Https.Https(Https.java:112)
... Removed 24 stack frames]]>
    </failure>
  </testcase> <!-- Https -->
  <testcase classname="Tests.LinearAPITests.Https" name="Https" time="0.063"/>
  <testcase classname="Tests.LinearAPITests.Https" name="Https" time="0.097"/>
  <testcase classname="Tests.LinearAPITests.Https" name="Https" time="0.021"/>
  <testcase classname="Tests.LinearAPITests.Https" name="Https" time="0.031"/>
  <testcase classname="Tests.LinearAPITests.Https" name="Https" time="0.042"/>
  <testcase classname="Tests.LinearAPITests.Https" name="Https" time="0.092"/>
  <testcase classname="Tests.LinearAPITests.Https" name="Https" time="0.046"/>
  <testcase classname="Tests.LinearAPITests.Https" name="Https" time="0.276"/>
  <testcase classname="Tests.LinearAPITests.Https" name="Https" time="0.058"/>
  <testcase classname="Tests.LinearAPITests.Https" name="Https" time="0.385"/>
  <testcase classname="Tests.LinearAPITests.Https" name="Https" time="0.064"/>
  <testcase classname="Tests.LinearAPITests.Https" name="Https" time="0.278"/>
  <testcase classname="Tests.LinearAPITests.Https" name="Https" time="0.093"/>
  <testcase classname="Tests.LinearAPITests.Https" name="Https" time="0.092">
    <failure type="java.lang.AssertionError" message="channellogourl mismatch">
      <![CDATA[java.lang.AssertionError: channellogourl mismatch
at Tests.LinearAPITests.Https.Https(Https.java:166)
... Removed 24 stack frames]]>
    </failure>
  </testcase> <!-- Https -->
  <testcase classname="Tests.LinearAPITests.Https" name="Https" time="7.086"/>
  <testcase classname="Tests.LinearAPITests.Https" name="Https" time="0.801"/>
  <testcase classname="Tests.LinearAPITests.Https" name="Https" time="0.149"/>
</testsuite> <!-- API Tests -->
