<?xml version="1.0" encoding="UTF-8"?>
<testng-results ignored="0" total="68" passed="56" failed="12" skipped="0">
  <reporter-output>
  </reporter-output>
  <suite started-at="2020-09-18T16:52:21Z" name="Test Suite" finished-at="2020-09-18T16:52:46Z" duration-ms="25229">
    <groups>
    </groups>
    <test started-at="2020-09-18T16:52:21Z" name="API Tests" finished-at="2020-09-18T16:52:46Z" duration-ms="25229">
      <class name="Tests.LinearAPITests.Https">
        <test-method is-config="true" signature="before()[pri:0, instance:Tests.LinearAPITests.Https@4e517165]" started-at="2020-09-18T16:52:21Z" name="before" finished-at="2020-09-18T16:52:21Z" duration-ms="31" status="PASS">
          <reporter-output>
          </reporter-output>
        </test-method> <!-- before -->
        <test-method is-config="true" signature="beforeTestCase(java.lang.reflect.Method)[pri:0, instance:Tests.LinearAPITests.Https@4e517165]" started-at="2020-09-18T16:52:22Z" name="beforeTestCase" finished-at="2020-09-18T16:52:22Z" duration-ms="3" status="PASS">
          <params>
            <param index="0">
              <value>
                <![CDATA[public void Tests.LinearAPITests.Https.Https(java.lang.String) throws java.lang.Exception]]>
              </value>
            </param>
          </params>
          <reporter-output>
          </reporter-output>
        </test-method> <!-- beforeTestCase -->
        <test-method signature="Https(java.lang.String)[pri:0, instance:Tests.LinearAPITests.Https@4e517165]" started-at="2020-09-18T16:52:22Z" name="Https" description="Validate Https" data-provider="Https" finished-at="2020-09-18T16:52:22Z" duration-ms="443" status="FAIL">
          <params>
            <param index="0">
              <value>
                <![CDATA[https://services.whatsonindia.com/guideStar/guideStarHost.svc/schedulegrid/v3?apikey=40f13eedbc864a4d654350d791cddb9332dc7626&channellist=star plus&responseformat=json&responselanguage=telugu&logotype=Dark&fromdatetime=202008182300&todatetime=202008192300&context=headendid=2645;applicationname=Standard;channelimagewidth=360;channelimageheight=270;programmeimagewidth=360;programmeimageheight=270;includeprevdayspillover=true;outdatetimeformat=s;forcechannelmetadatafiltering=false;sortfield=channeldisplayname&userid=0]]>
              </value>
            </param>
          </params>
          <exception class="java.lang.AssertionError">
            <message>
              <![CDATA[Response Code is not as expected! Expected: 200, Actual: 400 expected [true] but found [false]]]>
            </message>
            <full-stacktrace>
              <![CDATA[java.lang.AssertionError: Response Code is not as expected! Expected: 200, Actual: 400 expected [true] but found [false]
at org.testng.Assert.fail(Assert.java:96)
at org.testng.Assert.failNotEquals(Assert.java:776)
at org.testng.Assert.assertTrue(Assert.java:44)
at Tests.LinearAPITests.Https.Https(Https.java:61)
at java.base/jdk.internal.reflect.NativeMethodAccessorImpl.invoke0(Native Method)
at java.base/jdk.internal.reflect.NativeMethodAccessorImpl.invoke(NativeMethodAccessorImpl.java:62)
at java.base/jdk.internal.reflect.DelegatingMethodAccessorImpl.invoke(DelegatingMethodAccessorImpl.java:43)
at java.base/java.lang.reflect.Method.invoke(Method.java:564)
at org.testng.internal.MethodInvocationHelper.invokeMethod(MethodInvocationHelper.java:124)
at org.testng.internal.Invoker.invokeMethod(Invoker.java:583)
at org.testng.internal.Invoker.invokeTestMethod(Invoker.java:719)
at org.testng.internal.Invoker.invokeTestMethods(Invoker.java:989)
at org.testng.internal.TestMethodWorker.invokeTestMethods(TestMethodWorker.java:125)
at org.testng.internal.TestMethodWorker.run(TestMethodWorker.java:109)
at org.testng.TestRunner.privateRun(TestRunner.java:648)
at org.testng.TestRunner.run(TestRunner.java:505)
at org.testng.SuiteRunner.runTest(SuiteRunner.java:455)
at org.testng.SuiteRunner.runSequentially(SuiteRunner.java:450)
at org.testng.SuiteRunner.privateRun(SuiteRunner.java:415)
at org.testng.SuiteRunner.run(SuiteRunner.java:364)
at org.testng.SuiteRunnerWorker.runSuite(SuiteRunnerWorker.java:52)
at org.testng.SuiteRunnerWorker.run(SuiteRunnerWorker.java:84)
at org.testng.TestNG.runSuitesSequentially(TestNG.java:1208)
at org.testng.TestNG.runSuitesLocally(TestNG.java:1137)
at org.testng.TestNG.runSuites(TestNG.java:1049)
at org.testng.TestNG.run(TestNG.java:1017)
at org.testng.IDEARemoteTestNG.run(IDEARemoteTestNG.java:72)
at org.testng.RemoteTestNGStarter.main(RemoteTestNGStarter.java:123)
]]>
            </full-stacktrace>
          </exception> <!-- java.lang.AssertionError -->
          <reporter-output>
          </reporter-output>
        </test-method> <!-- Https -->
        <test-method is-config="true" signature="beforeTestCase(java.lang.reflect.Method)[pri:0, instance:Tests.LinearAPITests.Https@4e517165]" started-at="2020-09-18T16:52:22Z" name="beforeTestCase" finished-at="2020-09-18T16:52:22Z" duration-ms="0" status="PASS">
          <params>
            <param index="0">
              <value>
                <![CDATA[public void Tests.LinearAPITests.Https.Https(java.lang.String) throws java.lang.Exception]]>
              </value>
            </param>
          </params>
          <reporter-output>
          </reporter-output>
        </test-method> <!-- beforeTestCase -->
        <test-method signature="Https(java.lang.String)[pri:0, instance:Tests.LinearAPITests.Https@4e517165]" started-at="2020-09-18T16:52:22Z" name="Https" description="Validate Https" data-provider="Https" finished-at="2020-09-18T16:52:22Z" duration-ms="41" status="FAIL">
          <params>
            <param index="0">
              <value>
                <![CDATA[https://services.whatsonindia.com/guideStar/guideStarHost.svc/schedule?apikey=27e8569fb20a459ab355c4b444fe016763252292&responseformat=json&responselanguage=english&fromdatetime=202008150000&todatetime=202008152359&context=headendid=2645;applicationname=StandardAPI;outdatetimeformat=s;forcechannelmetadatafiltering=true;includeprevdayspillover=true;channelimagedimension=70x53;programmeimagewidth=660;programmeimageheight=880&channelname=star movies&userid=2897391]]>
              </value>
            </param>
          </params>
          <exception class="java.lang.AssertionError">
            <message>
              <![CDATA[Response Code is not as expected! Expected: 200, Actual: 400 expected [true] but found [false]]]>
            </message>
            <full-stacktrace>
              <![CDATA[java.lang.AssertionError: Response Code is not as expected! Expected: 200, Actual: 400 expected [true] but found [false]
at org.testng.Assert.fail(Assert.java:96)
at org.testng.Assert.failNotEquals(Assert.java:776)
at org.testng.Assert.assertTrue(Assert.java:44)
at Tests.LinearAPITests.Https.Https(Https.java:61)
at java.base/jdk.internal.reflect.NativeMethodAccessorImpl.invoke0(Native Method)
at java.base/jdk.internal.reflect.NativeMethodAccessorImpl.invoke(NativeMethodAccessorImpl.java:62)
at java.base/jdk.internal.reflect.DelegatingMethodAccessorImpl.invoke(DelegatingMethodAccessorImpl.java:43)
at java.base/java.lang.reflect.Method.invoke(Method.java:564)
at org.testng.internal.MethodInvocationHelper.invokeMethod(MethodInvocationHelper.java:124)
at org.testng.internal.Invoker.invokeMethod(Invoker.java:583)
at org.testng.internal.Invoker.invokeTestMethod(Invoker.java:719)
at org.testng.internal.Invoker.invokeTestMethods(Invoker.java:989)
at org.testng.internal.TestMethodWorker.invokeTestMethods(TestMethodWorker.java:125)
at org.testng.internal.TestMethodWorker.run(TestMethodWorker.java:109)
at org.testng.TestRunner.privateRun(TestRunner.java:648)
at org.testng.TestRunner.run(TestRunner.java:505)
at org.testng.SuiteRunner.runTest(SuiteRunner.java:455)
at org.testng.SuiteRunner.runSequentially(SuiteRunner.java:450)
at org.testng.SuiteRunner.privateRun(SuiteRunner.java:415)
at org.testng.SuiteRunner.run(SuiteRunner.java:364)
at org.testng.SuiteRunnerWorker.runSuite(SuiteRunnerWorker.java:52)
at org.testng.SuiteRunnerWorker.run(SuiteRunnerWorker.java:84)
at org.testng.TestNG.runSuitesSequentially(TestNG.java:1208)
at org.testng.TestNG.runSuitesLocally(TestNG.java:1137)
at org.testng.TestNG.runSuites(TestNG.java:1049)
at org.testng.TestNG.run(TestNG.java:1017)
at org.testng.IDEARemoteTestNG.run(IDEARemoteTestNG.java:72)
at org.testng.RemoteTestNGStarter.main(RemoteTestNGStarter.java:123)
]]>
            </full-stacktrace>
          </exception> <!-- java.lang.AssertionError -->
          <reporter-output>
          </reporter-output>
        </test-method> <!-- Https -->
        <test-method is-config="true" signature="beforeTestCase(java.lang.reflect.Method)[pri:0, instance:Tests.LinearAPITests.Https@4e517165]" started-at="2020-09-18T16:52:22Z" name="beforeTestCase" finished-at="2020-09-18T16:52:22Z" duration-ms="0" status="PASS">
          <params>
            <param index="0">
              <value>
                <![CDATA[public void Tests.LinearAPITests.Https.Https(java.lang.String) throws java.lang.Exception]]>
              </value>
            </param>
          </params>
          <reporter-output>
          </reporter-output>
        </test-method> <!-- beforeTestCase -->
        <test-method signature="Https(java.lang.String)[pri:0, instance:Tests.LinearAPITests.Https@4e517165]" started-at="2020-09-18T16:52:22Z" name="Https" description="Validate Https" data-provider="Https" finished-at="2020-09-18T16:52:23Z" duration-ms="70" status="PASS">
          <params>
            <param index="0">
              <value>
                <![CDATA[https://services.whatsonindia.com/Operator/Operator.svc/channelbydisplayname?apikey=d6385a5e54213bf645222ecd6b74244e0db3e995&responseformat=json&responselanguage=english&context=headendid=2645;applicationname=Test;channelimagewidth=360;channelimageheight=270&channeldisplayname=colors&logotype=transparent]]>
              </value>
            </param>
          </params>
          <reporter-output>
          </reporter-output>
        </test-method> <!-- Https -->
        <test-method signature="Https(java.lang.String)[pri:0, instance:Tests.LinearAPITests.Https@4e517165]" started-at="2020-09-18T16:52:23Z" name="Https" description="Validate Https" data-provider="Https" finished-at="2020-09-18T16:52:23Z" duration-ms="44" status="FAIL">
          <params>
            <param index="0">
              <value>
                <![CDATA[https://services.whatsonindia.com/recoStar/recoStarHost.svc/Programmefulldetailsforapp/v2?apikey=262afba4cd06f167cfea39e5fb7b314f9de8694d&responseformat=json&responselanguage=english&context=applicationname=StarTV;headendid=4232;channelimagedimension=70x53;programmeimagewidth=360;programmeimageheight=270&programmeid=30000000549659987&channelid=10000000000820000&userid=0&starttime=202008082100]]>
              </value>
            </param>
          </params>
          <exception class="java.lang.AssertionError">
            <message>
              <![CDATA[Response Code is not as expected! Expected: 200, Actual: 500 expected [true] but found [false]]]>
            </message>
            <full-stacktrace>
              <![CDATA[java.lang.AssertionError: Response Code is not as expected! Expected: 200, Actual: 500 expected [true] but found [false]
at org.testng.Assert.fail(Assert.java:96)
at org.testng.Assert.failNotEquals(Assert.java:776)
at org.testng.Assert.assertTrue(Assert.java:44)
at Tests.LinearAPITests.Https.Https(Https.java:61)
at java.base/jdk.internal.reflect.NativeMethodAccessorImpl.invoke0(Native Method)
at java.base/jdk.internal.reflect.NativeMethodAccessorImpl.invoke(NativeMethodAccessorImpl.java:62)
at java.base/jdk.internal.reflect.DelegatingMethodAccessorImpl.invoke(DelegatingMethodAccessorImpl.java:43)
at java.base/java.lang.reflect.Method.invoke(Method.java:564)
at org.testng.internal.MethodInvocationHelper.invokeMethod(MethodInvocationHelper.java:124)
at org.testng.internal.Invoker.invokeMethod(Invoker.java:583)
at org.testng.internal.Invoker.invokeTestMethod(Invoker.java:719)
at org.testng.internal.Invoker.invokeTestMethods(Invoker.java:989)
at org.testng.internal.TestMethodWorker.invokeTestMethods(TestMethodWorker.java:125)
at org.testng.internal.TestMethodWorker.run(TestMethodWorker.java:109)
at org.testng.TestRunner.privateRun(TestRunner.java:648)
at org.testng.TestRunner.run(TestRunner.java:505)
at org.testng.SuiteRunner.runTest(SuiteRunner.java:455)
at org.testng.SuiteRunner.runSequentially(SuiteRunner.java:450)
at org.testng.SuiteRunner.privateRun(SuiteRunner.java:415)
at org.testng.SuiteRunner.run(SuiteRunner.java:364)
at org.testng.SuiteRunnerWorker.runSuite(SuiteRunnerWorker.java:52)
at org.testng.SuiteRunnerWorker.run(SuiteRunnerWorker.java:84)
at org.testng.TestNG.runSuitesSequentially(TestNG.java:1208)
at org.testng.TestNG.runSuitesLocally(TestNG.java:1137)
at org.testng.TestNG.runSuites(TestNG.java:1049)
at org.testng.TestNG.run(TestNG.java:1017)
at org.testng.IDEARemoteTestNG.run(IDEARemoteTestNG.java:72)
at org.testng.RemoteTestNGStarter.main(RemoteTestNGStarter.java:123)
]]>
            </full-stacktrace>
          </exception> <!-- java.lang.AssertionError -->
          <reporter-output>
          </reporter-output>
        </test-method> <!-- Https -->
        <test-method is-config="true" signature="beforeTestCase(java.lang.reflect.Method)[pri:0, instance:Tests.LinearAPITests.Https@4e517165]" started-at="2020-09-18T16:52:23Z" name="beforeTestCase" finished-at="2020-09-18T16:52:23Z" duration-ms="0" status="PASS">
          <params>
            <param index="0">
              <value>
                <![CDATA[public void Tests.LinearAPITests.Https.Https(java.lang.String) throws java.lang.Exception]]>
              </value>
            </param>
          </params>
          <reporter-output>
          </reporter-output>
        </test-method> <!-- beforeTestCase -->
        <test-method is-config="true" signature="beforeTestCase(java.lang.reflect.Method)[pri:0, instance:Tests.LinearAPITests.Https@4e517165]" started-at="2020-09-18T16:52:23Z" name="beforeTestCase" finished-at="2020-09-18T16:52:23Z" duration-ms="1" status="PASS">
          <params>
            <param index="0">
              <value>
                <![CDATA[public void Tests.LinearAPITests.Https.Https(java.lang.String) throws java.lang.Exception]]>
              </value>
            </param>
          </params>
          <reporter-output>
          </reporter-output>
        </test-method> <!-- beforeTestCase -->
        <test-method signature="Https(java.lang.String)[pri:0, instance:Tests.LinearAPITests.Https@4e517165]" started-at="2020-09-18T16:52:23Z" name="Https" description="Validate Https" data-provider="Https" finished-at="2020-09-18T16:52:23Z" duration-ms="169" status="PASS">
          <params>
            <param index="0">
              <value>
                <![CDATA[https://services.whatsonindia.com/recoStar/recoStarHost.svc/NowNextChannel?apikey=f47aea8bdcbd1179a1f3d91e6afeeb259488f2d1&channellist=MH1,Zee Punjab Haryana Himachal,PTC News,PTC Punjabi,PTC Chakde,9X Tashan,Chardikla Time TV,India News Punjab,Manoranjan Movies,Pitaara,DD Punjabi&context=headendid=1075;applicationname=androidapp;programmeimagedimension=big;channelimagedimension=larg;sortfield=lcn&pageno=1&responseformat=json&responselanguage=english&userid=3234056]]>
              </value>
            </param>
          </params>
          <reporter-output>
          </reporter-output>
        </test-method> <!-- Https -->
        <test-method is-config="true" signature="beforeTestCase(java.lang.reflect.Method)[pri:0, instance:Tests.LinearAPITests.Https@4e517165]" started-at="2020-09-18T16:52:23Z" name="beforeTestCase" finished-at="2020-09-18T16:52:23Z" duration-ms="1" status="PASS">
          <params>
            <param index="0">
              <value>
                <![CDATA[public void Tests.LinearAPITests.Https.Https(java.lang.String) throws java.lang.Exception]]>
              </value>
            </param>
          </params>
          <reporter-output>
          </reporter-output>
        </test-method> <!-- beforeTestCase -->
        <test-method signature="Https(java.lang.String)[pri:0, instance:Tests.LinearAPITests.Https@4e517165]" started-at="2020-09-18T16:52:23Z" name="Https" description="Validate Https" data-provider="Https" finished-at="2020-09-18T16:52:23Z" duration-ms="100" status="PASS">
          <params>
            <param index="0">
              <value>
                <![CDATA[https://services.whatsonindia.com/recoStar/recoStarHost.svc/TopRatedProgrammes?apikey=224b4abdea2bf26fdd64a13e71029cf0d37606ac&responseformat=json&responselanguage=english&pageno=1&headendcolumnlist=lcn,channelid&context=headendid=9641;applicationname=standard;outdatetimeformat=s;sortfield=starttime;programmeimagewidth=360;programmeimageheight=270;channelimagewidth=3840;channelimageheight=2160;pagesize=20&fromdatetime=201805170000&enddatetime=201805170100&logotype=Dark]]>
              </value>
            </param>
          </params>
          <reporter-output>
          </reporter-output>
        </test-method> <!-- Https -->
        <test-method is-config="true" signature="beforeTestCase(java.lang.reflect.Method)[pri:0, instance:Tests.LinearAPITests.Https@4e517165]" started-at="2020-09-18T16:52:23Z" name="beforeTestCase" finished-at="2020-09-18T16:52:23Z" duration-ms="1" status="PASS">
          <params>
            <param index="0">
              <value>
                <![CDATA[public void Tests.LinearAPITests.Https.Https(java.lang.String) throws java.lang.Exception]]>
              </value>
            </param>
          </params>
          <reporter-output>
          </reporter-output>
        </test-method> <!-- beforeTestCase -->
        <test-method signature="Https(java.lang.String)[pri:0, instance:Tests.LinearAPITests.Https@4e517165]" started-at="2020-09-18T16:52:23Z" name="Https" description="Validate Https" data-provider="Https" finished-at="2020-09-18T16:52:23Z" duration-ms="23" status="FAIL">
          <params>
            <param index="0">
              <value>
                <![CDATA[https://services.whatsonindia.com/recoStar/recoStarHost.svc/Programmefulldetailsforapp/v4?apikey=4a1b77692d9bfed1384512a4fb9c3d00b3d57f2b&responseformat=json&responselanguage=English&context=headendid=2645;programmeimagedimension=xxlarge;channelimagedimension=medium;utcoffsetinmin=330;programmeimagewidth=360;programmeimageheight=270&programmeid=30000000550672320]]>
              </value>
            </param>
          </params>
          <exception class="java.lang.AssertionError">
            <message>
              <![CDATA[Response Code is not as expected! Expected: 200, Actual: 403 expected [true] but found [false]]]>
            </message>
            <full-stacktrace>
              <![CDATA[java.lang.AssertionError: Response Code is not as expected! Expected: 200, Actual: 403 expected [true] but found [false]
at org.testng.Assert.fail(Assert.java:96)
at org.testng.Assert.failNotEquals(Assert.java:776)
at org.testng.Assert.assertTrue(Assert.java:44)
at Tests.LinearAPITests.Https.Https(Https.java:61)
at java.base/jdk.internal.reflect.NativeMethodAccessorImpl.invoke0(Native Method)
at java.base/jdk.internal.reflect.NativeMethodAccessorImpl.invoke(NativeMethodAccessorImpl.java:62)
at java.base/jdk.internal.reflect.DelegatingMethodAccessorImpl.invoke(DelegatingMethodAccessorImpl.java:43)
at java.base/java.lang.reflect.Method.invoke(Method.java:564)
at org.testng.internal.MethodInvocationHelper.invokeMethod(MethodInvocationHelper.java:124)
at org.testng.internal.Invoker.invokeMethod(Invoker.java:583)
at org.testng.internal.Invoker.invokeTestMethod(Invoker.java:719)
at org.testng.internal.Invoker.invokeTestMethods(Invoker.java:989)
at org.testng.internal.TestMethodWorker.invokeTestMethods(TestMethodWorker.java:125)
at org.testng.internal.TestMethodWorker.run(TestMethodWorker.java:109)
at org.testng.TestRunner.privateRun(TestRunner.java:648)
at org.testng.TestRunner.run(TestRunner.java:505)
at org.testng.SuiteRunner.runTest(SuiteRunner.java:455)
at org.testng.SuiteRunner.runSequentially(SuiteRunner.java:450)
at org.testng.SuiteRunner.privateRun(SuiteRunner.java:415)
at org.testng.SuiteRunner.run(SuiteRunner.java:364)
at org.testng.SuiteRunnerWorker.runSuite(SuiteRunnerWorker.java:52)
at org.testng.SuiteRunnerWorker.run(SuiteRunnerWorker.java:84)
at org.testng.TestNG.runSuitesSequentially(TestNG.java:1208)
at org.testng.TestNG.runSuitesLocally(TestNG.java:1137)
at org.testng.TestNG.runSuites(TestNG.java:1049)
at org.testng.TestNG.run(TestNG.java:1017)
at org.testng.IDEARemoteTestNG.run(IDEARemoteTestNG.java:72)
at org.testng.RemoteTestNGStarter.main(RemoteTestNGStarter.java:123)
]]>
            </full-stacktrace>
          </exception> <!-- java.lang.AssertionError -->
          <reporter-output>
          </reporter-output>
        </test-method> <!-- Https -->
        <test-method is-config="true" signature="beforeTestCase(java.lang.reflect.Method)[pri:0, instance:Tests.LinearAPITests.Https@4e517165]" started-at="2020-09-18T16:52:23Z" name="beforeTestCase" finished-at="2020-09-18T16:52:23Z" duration-ms="0" status="PASS">
          <params>
            <param index="0">
              <value>
                <![CDATA[public void Tests.LinearAPITests.Https.Https(java.lang.String) throws java.lang.Exception]]>
              </value>
            </param>
          </params>
          <reporter-output>
          </reporter-output>
        </test-method> <!-- beforeTestCase -->
        <test-method signature="Https(java.lang.String)[pri:0, instance:Tests.LinearAPITests.Https@4e517165]" started-at="2020-09-18T16:52:23Z" name="Https" description="Validate Https" data-provider="Https" finished-at="2020-09-18T16:52:23Z" duration-ms="53" status="PASS">
          <params>
            <param index="0">
              <value>
                <![CDATA[https://services.whatsonindia.com/guideStar/guideStarHost.svc/channel/v3?apikey=ffb4ad28cfc1d2fec2591aef120bfab99dd35307&responseformat=JSON&responselanguage=english&channelname=all&context=headendid=11093;applicationname=VianeosCommercialDistribution;channelimagewidth=360;channelimageheight=270&channelgenre=&channellanguage=English&logotype=transparent]]>
              </value>
            </param>
          </params>
          <reporter-output>
          </reporter-output>
        </test-method> <!-- Https -->
        <test-method signature="Https(java.lang.String)[pri:0, instance:Tests.LinearAPITests.Https@4e517165]" started-at="2020-09-18T16:52:23Z" name="Https" description="Validate Https" data-provider="Https" finished-at="2020-09-18T16:52:23Z" duration-ms="380" status="PASS">
          <params>
            <param index="0">
              <value>
                <![CDATA[https://services.whatsonindia.com/recoStar/recoStarHost.svc/TopRatedProgrammes/v3?apikey=224b4abdea2bf26fdd64a13e71029cf0d37606ac&responseformat=json&responselanguage=english&pageno=1&headendcolumnlist=lcn,channelid&context=headendid=9641;applicationname=standard;outdatetimeformat=s;sortfield=starttime;programmeimagewidth=360;programmeimageheight=270;channelimagewidth=3840;channelimageheight=2160;pagesize=20&fromdatetime=201805170000&enddatetime=201805170100&logotype=Dark]]>
              </value>
            </param>
          </params>
          <reporter-output>
          </reporter-output>
        </test-method> <!-- Https -->
        <test-method is-config="true" signature="beforeTestCase(java.lang.reflect.Method)[pri:0, instance:Tests.LinearAPITests.Https@4e517165]" started-at="2020-09-18T16:52:23Z" name="beforeTestCase" finished-at="2020-09-18T16:52:23Z" duration-ms="0" status="PASS">
          <params>
            <param index="0">
              <value>
                <![CDATA[public void Tests.LinearAPITests.Https.Https(java.lang.String) throws java.lang.Exception]]>
              </value>
            </param>
          </params>
          <reporter-output>
          </reporter-output>
        </test-method> <!-- beforeTestCase -->
        <test-method is-config="true" signature="beforeTestCase(java.lang.reflect.Method)[pri:0, instance:Tests.LinearAPITests.Https@4e517165]" started-at="2020-09-18T16:52:23Z" name="beforeTestCase" finished-at="2020-09-18T16:52:23Z" duration-ms="0" status="PASS">
          <params>
            <param index="0">
              <value>
                <![CDATA[public void Tests.LinearAPITests.Https.Https(java.lang.String) throws java.lang.Exception]]>
              </value>
            </param>
          </params>
          <reporter-output>
          </reporter-output>
        </test-method> <!-- beforeTestCase -->
        <test-method signature="Https(java.lang.String)[pri:0, instance:Tests.LinearAPITests.Https@4e517165]" started-at="2020-09-18T16:52:23Z" name="Https" description="Validate Https" data-provider="Https" finished-at="2020-09-18T16:52:24Z" duration-ms="390" status="PASS">
          <params>
            <param index="0">
              <value>
                <![CDATA[https://services.whatsonindia.com/RecoStar/RecoStarHost.svc/Programmefulldetailsforapp/v2?apikey=d4bcf1aece9d1aa3dda31b19fef7dc0a1e56c461&responseformat=json&responselanguage=English&context=applicationname=Standard;headendid=9641;channelimagewidth=3840;channelimageheight=2160;programmeimagewidth=270;programmeimageheight=360;outdatetimeformat=s&programmeid=30000000549640140&channelid=10000000000570000&userid=1162199&starttime=202007022130&logotype=Dark&backgroundimagewidth=360&backgroundimageheight=270]]>
              </value>
            </param>
          </params>
          <reporter-output>
          </reporter-output>
        </test-method> <!-- Https -->
        <test-method is-config="true" signature="beforeTestCase(java.lang.reflect.Method)[pri:0, instance:Tests.LinearAPITests.Https@4e517165]" started-at="2020-09-18T16:52:24Z" name="beforeTestCase" finished-at="2020-09-18T16:52:24Z" duration-ms="0" status="PASS">
          <params>
            <param index="0">
              <value>
                <![CDATA[public void Tests.LinearAPITests.Https.Https(java.lang.String) throws java.lang.Exception]]>
              </value>
            </param>
          </params>
          <reporter-output>
          </reporter-output>
        </test-method> <!-- beforeTestCase -->
        <test-method signature="Https(java.lang.String)[pri:0, instance:Tests.LinearAPITests.Https@4e517165]" started-at="2020-09-18T16:52:24Z" name="Https" description="Validate Https" data-provider="Https" finished-at="2020-09-18T16:52:24Z" duration-ms="110" status="PASS">
          <params>
            <param index="0">
              <value>
                <![CDATA[https://services.whatsonindia.com/recoStar/recoStarHost.svc/Programmefulldetailsforapp?apikey=4a1b77692d9bfed1384512a4fb9c3d00b3d57f2b&responseformat=json&responselanguage=English&context=headendid=2645;applicationname=test;programmeimagedimension=xxlarge;channelimagedimension=medium;utcoffsetinmin=330;programmeimagewidth=360;programmeimageheight=270&programmeid=30000000550672320]]>
              </value>
            </param>
          </params>
          <reporter-output>
          </reporter-output>
        </test-method> <!-- Https -->
        <test-method is-config="true" signature="beforeTestCase(java.lang.reflect.Method)[pri:0, instance:Tests.LinearAPITests.Https@4e517165]" started-at="2020-09-18T16:52:24Z" name="beforeTestCase" finished-at="2020-09-18T16:52:24Z" duration-ms="1" status="PASS">
          <params>
            <param index="0">
              <value>
                <![CDATA[public void Tests.LinearAPITests.Https.Https(java.lang.String) throws java.lang.Exception]]>
              </value>
            </param>
          </params>
          <reporter-output>
          </reporter-output>
        </test-method> <!-- beforeTestCase -->
        <test-method signature="Https(java.lang.String)[pri:0, instance:Tests.LinearAPITests.Https@4e517165]" started-at="2020-09-18T16:52:24Z" name="Https" description="Validate Https" data-provider="Https" finished-at="2020-09-18T16:52:24Z" duration-ms="552" status="PASS">
          <params>
            <param index="0">
              <value>
                <![CDATA[https://services.whatsonindia.com/recoStar/recoStarHost.svc/TopRatedProgrammes/v2?apikey=224b4abdea2bf26fdd64a13e71029cf0d37606ac&responseformat=json&responselanguage=english&pageno=1&headendcolumnlist=lcn,channelid&context=headendid=9641;applicationname=standard;outdatetimeformat=s;sortfield=starttime;programmeimagewidth=360;programmeimageheight=270;channelimagewidth=3840;channelimageheight=2160;pagesize=20&fromdatetime=201805170000&enddatetime=201805170100&logotype=Dark]]>
              </value>
            </param>
          </params>
          <reporter-output>
          </reporter-output>
        </test-method> <!-- Https -->
        <test-method is-config="true" signature="beforeTestCase(java.lang.reflect.Method)[pri:0, instance:Tests.LinearAPITests.Https@4e517165]" started-at="2020-09-18T16:52:24Z" name="beforeTestCase" finished-at="2020-09-18T16:52:24Z" duration-ms="0" status="PASS">
          <params>
            <param index="0">
              <value>
                <![CDATA[public void Tests.LinearAPITests.Https.Https(java.lang.String) throws java.lang.Exception]]>
              </value>
            </param>
          </params>
          <reporter-output>
          </reporter-output>
        </test-method> <!-- beforeTestCase -->
        <test-method signature="Https(java.lang.String)[pri:0, instance:Tests.LinearAPITests.Https@4e517165]" started-at="2020-09-18T16:52:24Z" name="Https" description="Validate Https" data-provider="Https" finished-at="2020-09-18T16:52:24Z" duration-ms="72" status="PASS">
          <params>
            <param index="0">
              <value>
                <![CDATA[https://services.whatsonindia.com/RecoStar/RecoStarHost.svc/Search?apikey=cbda9f946aa6531135c22ec57f311100d1ae6702&responseformat=json&responselanguage=english&pageno=1&context=programmeimagedimension=xlarge;channelimagedimension=medium;applicationname=StarTV;headendid=4232&searchvalue=Formula&searchcriteria=&userid=0]]>
              </value>
            </param>
          </params>
          <reporter-output>
          </reporter-output>
        </test-method> <!-- Https -->
        <test-method is-config="true" signature="beforeTestCase(java.lang.reflect.Method)[pri:0, instance:Tests.LinearAPITests.Https@4e517165]" started-at="2020-09-18T16:52:24Z" name="beforeTestCase" finished-at="2020-09-18T16:52:24Z" duration-ms="1" status="PASS">
          <params>
            <param index="0">
              <value>
                <![CDATA[public void Tests.LinearAPITests.Https.Https(java.lang.String) throws java.lang.Exception]]>
              </value>
            </param>
          </params>
          <reporter-output>
          </reporter-output>
        </test-method> <!-- beforeTestCase -->
        <test-method signature="Https(java.lang.String)[pri:0, instance:Tests.LinearAPITests.Https@4e517165]" started-at="2020-09-18T16:52:24Z" name="Https" description="Validate Https" data-provider="Https" finished-at="2020-09-18T16:52:25Z" duration-ms="491" status="PASS">
          <params>
            <param index="0">
              <value>
                <![CDATA[https://services.whatsonindia.com/RecoStar/RecoStarHost.svc/SearchProgram_LanguageFiltration?apikey=b0e9220e1d729358994ea89542fa505ad4467470&responseformat=json&responselanguage=english&pageno=1&SearchText=UTV+action&SearchCategory=FREETEXTSEARCH&SearchSortField=RELATIVE&SearchSortOrder=asc&userid=5159135&context=outdatetimeformat=s;applicationname=androidapp;sortfield=channeldisplayname;headendid=0;msisdn=0;custid=0;programmeimagedimension=mediumsquare;channelimagedimension=70x53;enablesearchfallback=true&filteredlanguages=]]>
              </value>
            </param>
          </params>
          <reporter-output>
          </reporter-output>
        </test-method> <!-- Https -->
        <test-method is-config="true" signature="beforeTestCase(java.lang.reflect.Method)[pri:0, instance:Tests.LinearAPITests.Https@4e517165]" started-at="2020-09-18T16:52:25Z" name="beforeTestCase" finished-at="2020-09-18T16:52:25Z" duration-ms="0" status="PASS">
          <params>
            <param index="0">
              <value>
                <![CDATA[public void Tests.LinearAPITests.Https.Https(java.lang.String) throws java.lang.Exception]]>
              </value>
            </param>
          </params>
          <reporter-output>
          </reporter-output>
        </test-method> <!-- beforeTestCase -->
        <test-method signature="Https(java.lang.String)[pri:0, instance:Tests.LinearAPITests.Https@4e517165]" started-at="2020-09-18T16:52:25Z" name="Https" description="Validate Https" data-provider="Https" finished-at="2020-09-18T16:52:25Z" duration-ms="44" status="PASS">
          <params>
            <param index="0">
              <value>
                <![CDATA[https://services.whatsonindia.com/guideStar/guideStarHost.svc/scheduleforchannellist?apikey=8621c903d2df1cadab84f4f958df7b53e6011f17&responseformat=json&responselanguage=english&context=headendid=403;applicationname=hathway;outdatetimeformat=yyyyMMddHHmm&userid=0&fromdatetime=202008120000&todatetime=202008122359&channellist=STAR PLUS,Zee TV,Star Bharat,Colors,SET,Sony SAB,And TV,Naaptol,Dangal,BIG MAGIC]]>
              </value>
            </param>
          </params>
          <reporter-output>
          </reporter-output>
        </test-method> <!-- Https -->
        <test-method is-config="true" signature="beforeTestCase(java.lang.reflect.Method)[pri:0, instance:Tests.LinearAPITests.Https@4e517165]" started-at="2020-09-18T16:52:25Z" name="beforeTestCase" finished-at="2020-09-18T16:52:25Z" duration-ms="1" status="PASS">
          <params>
            <param index="0">
              <value>
                <![CDATA[public void Tests.LinearAPITests.Https.Https(java.lang.String) throws java.lang.Exception]]>
              </value>
            </param>
          </params>
          <reporter-output>
          </reporter-output>
        </test-method> <!-- beforeTestCase -->
        <test-method signature="Https(java.lang.String)[pri:0, instance:Tests.LinearAPITests.Https@4e517165]" started-at="2020-09-18T16:52:25Z" name="Https" description="Validate Https" data-provider="Https" finished-at="2020-09-18T16:52:26Z" duration-ms="516" status="PASS">
          <params>
            <param index="0">
              <value>
                <![CDATA[https://services.whatsonindia.com/recoStar/recoStarHost.svc/UserRecommendedChannelsNowNext?apikey=745b713580e90e3eed014594fdd55124a250d868&responseformat=json&responselanguage=English&pageno=1&toprecommendedchannels=0&context=applicationname=android app;sortfield=channeldisplayname;headendid=0;channelimagedimension=70x53;headendtype=;IsLiveTV=true;programmeimagedimension=small&userid=5145527&includefavoritechannel=true&includerecommendedchannel=false&includeReminder=true]]>
              </value>
            </param>
          </params>
          <reporter-output>
          </reporter-output>
        </test-method> <!-- Https -->
        <test-method is-config="true" signature="beforeTestCase(java.lang.reflect.Method)[pri:0, instance:Tests.LinearAPITests.Https@4e517165]" started-at="2020-09-18T16:52:26Z" name="beforeTestCase" finished-at="2020-09-18T16:52:26Z" duration-ms="0" status="PASS">
          <params>
            <param index="0">
              <value>
                <![CDATA[public void Tests.LinearAPITests.Https.Https(java.lang.String) throws java.lang.Exception]]>
              </value>
            </param>
          </params>
          <reporter-output>
          </reporter-output>
        </test-method> <!-- beforeTestCase -->
        <test-method signature="Https(java.lang.String)[pri:0, instance:Tests.LinearAPITests.Https@4e517165]" started-at="2020-09-18T16:52:26Z" name="Https" description="Validate Https" data-provider="Https" finished-at="2020-09-18T16:52:26Z" duration-ms="45" status="PASS">
          <params>
            <param index="0">
              <value>
                <![CDATA[https://services.whatsonindia.com/guideStar/guideStarHost.svc/channel/v2?apikey=ffb4ad28cfc1d2fec2591aef120bfab99dd35307&responseformat=JSON&responselanguage=english&channelname=all&context=headendid=11093;applicationname=VianeosCommercialDistribution;channelimagewidth=360;channelimageheight=270&channelgenre=&channellanguage=English&logotype=transparent]]>
              </value>
            </param>
          </params>
          <reporter-output>
          </reporter-output>
        </test-method> <!-- Https -->
        <test-method is-config="true" signature="beforeTestCase(java.lang.reflect.Method)[pri:0, instance:Tests.LinearAPITests.Https@4e517165]" started-at="2020-09-18T16:52:26Z" name="beforeTestCase" finished-at="2020-09-18T16:52:26Z" duration-ms="0" status="PASS">
          <params>
            <param index="0">
              <value>
                <![CDATA[public void Tests.LinearAPITests.Https.Https(java.lang.String) throws java.lang.Exception]]>
              </value>
            </param>
          </params>
          <reporter-output>
          </reporter-output>
        </test-method> <!-- beforeTestCase -->
        <test-method signature="Https(java.lang.String)[pri:0, instance:Tests.LinearAPITests.Https@4e517165]" started-at="2020-09-18T16:52:26Z" name="Https" description="Validate Https" data-provider="Https" finished-at="2020-09-18T16:52:26Z" duration-ms="46" status="FAIL">
          <params>
            <param index="0">
              <value>
                <![CDATA[https://services.whatsonindia.com/guideStar/guideStarHost.svc/schedulegrid?apikey=40f13eedbc864a4d654350d791cddb9332dc7626&channellist=star plus&responseformat=json&responselanguage=telugu&logotype=Dark&fromdatetime=202008182300&todatetime=202008192300&context=headendid=2645;applicationname=Standard;channelimagewidth=360;channelimageheight=270;programmeimagewidth=360;programmeimageheight=270;includeprevdayspillover=true;outdatetimeformat=s;forcechannelmetadatafiltering=false;sortfield=channeldisplayname&userid=0]]>
              </value>
            </param>
          </params>
          <exception class="java.lang.AssertionError">
            <message>
              <![CDATA[Response Code is not as expected! Expected: 200, Actual: 400 expected [true] but found [false]]]>
            </message>
            <full-stacktrace>
              <![CDATA[java.lang.AssertionError: Response Code is not as expected! Expected: 200, Actual: 400 expected [true] but found [false]
at org.testng.Assert.fail(Assert.java:96)
at org.testng.Assert.failNotEquals(Assert.java:776)
at org.testng.Assert.assertTrue(Assert.java:44)
at Tests.LinearAPITests.Https.Https(Https.java:61)
at jdk.internal.reflect.GeneratedMethodAccessor3.invoke(Unknown Source)
at java.base/jdk.internal.reflect.DelegatingMethodAccessorImpl.invoke(DelegatingMethodAccessorImpl.java:43)
at java.base/java.lang.reflect.Method.invoke(Method.java:564)
at org.testng.internal.MethodInvocationHelper.invokeMethod(MethodInvocationHelper.java:124)
at org.testng.internal.Invoker.invokeMethod(Invoker.java:583)
at org.testng.internal.Invoker.invokeTestMethod(Invoker.java:719)
at org.testng.internal.Invoker.invokeTestMethods(Invoker.java:989)
at org.testng.internal.TestMethodWorker.invokeTestMethods(TestMethodWorker.java:125)
at org.testng.internal.TestMethodWorker.run(TestMethodWorker.java:109)
at org.testng.TestRunner.privateRun(TestRunner.java:648)
at org.testng.TestRunner.run(TestRunner.java:505)
at org.testng.SuiteRunner.runTest(SuiteRunner.java:455)
at org.testng.SuiteRunner.runSequentially(SuiteRunner.java:450)
at org.testng.SuiteRunner.privateRun(SuiteRunner.java:415)
at org.testng.SuiteRunner.run(SuiteRunner.java:364)
at org.testng.SuiteRunnerWorker.runSuite(SuiteRunnerWorker.java:52)
at org.testng.SuiteRunnerWorker.run(SuiteRunnerWorker.java:84)
at org.testng.TestNG.runSuitesSequentially(TestNG.java:1208)
at org.testng.TestNG.runSuitesLocally(TestNG.java:1137)
at org.testng.TestNG.runSuites(TestNG.java:1049)
at org.testng.TestNG.run(TestNG.java:1017)
at org.testng.IDEARemoteTestNG.run(IDEARemoteTestNG.java:72)
at org.testng.RemoteTestNGStarter.main(RemoteTestNGStarter.java:123)
]]>
            </full-stacktrace>
          </exception> <!-- java.lang.AssertionError -->
          <reporter-output>
          </reporter-output>
        </test-method> <!-- Https -->
        <test-method is-config="true" signature="beforeTestCase(java.lang.reflect.Method)[pri:0, instance:Tests.LinearAPITests.Https@4e517165]" started-at="2020-09-18T16:52:26Z" name="beforeTestCase" finished-at="2020-09-18T16:52:26Z" duration-ms="1" status="PASS">
          <params>
            <param index="0">
              <value>
                <![CDATA[public void Tests.LinearAPITests.Https.Https(java.lang.String) throws java.lang.Exception]]>
              </value>
            </param>
          </params>
          <reporter-output>
          </reporter-output>
        </test-method> <!-- beforeTestCase -->
        <test-method signature="Https(java.lang.String)[pri:0, instance:Tests.LinearAPITests.Https@4e517165]" started-at="2020-09-18T16:52:26Z" name="Https" description="Validate Https" data-provider="Https" finished-at="2020-09-18T16:52:26Z" duration-ms="49" status="PASS">
          <params>
            <param index="0">
              <value>
                <![CDATA[https://services.whatsonindia.com/recoStar/recoStarHost.svc/UserFavouriteProgramme/v3?apikey=bec6514b2367282ddc34cad353edd769f1dfd413&responseformat=json&responselanguage=english&pageno=1&context=applicationname=androidapp;outdatetimeformat=s;sortfield=channeldisplayname;headendid=0;channelimagedimension=70x53;programmeimagedimension=mediumsquare&userid=5156293]]>
              </value>
            </param>
          </params>
          <reporter-output>
          </reporter-output>
        </test-method> <!-- Https -->
        <test-method is-config="true" signature="beforeTestCase(java.lang.reflect.Method)[pri:0, instance:Tests.LinearAPITests.Https@4e517165]" started-at="2020-09-18T16:52:26Z" name="beforeTestCase" finished-at="2020-09-18T16:52:26Z" duration-ms="1" status="PASS">
          <params>
            <param index="0">
              <value>
                <![CDATA[public void Tests.LinearAPITests.Https.Https(java.lang.String) throws java.lang.Exception]]>
              </value>
            </param>
          </params>
          <reporter-output>
          </reporter-output>
        </test-method> <!-- beforeTestCase -->
        <test-method signature="Https(java.lang.String)[pri:0, instance:Tests.LinearAPITests.Https@4e517165]" started-at="2020-09-18T16:52:26Z" name="Https" description="Validate Https" data-provider="Https" finished-at="2020-09-18T16:52:26Z" duration-ms="193" status="PASS">
          <params>
            <param index="0">
              <value>
                <![CDATA[https://services.whatsonindia.com/recoStar/recoStarHost.svc/SearchChannel?apikey=247317edd2fbed736ea0c9d3ea37d66a738ad34a&responseformat=json&responselanguage=english&pageno=1&context=headendid=403;applicationname=hathway;channelimagedimension=medium&SearchText=Children&userid=0]]>
              </value>
            </param>
          </params>
          <reporter-output>
          </reporter-output>
        </test-method> <!-- Https -->
        <test-method is-config="true" signature="beforeTestCase(java.lang.reflect.Method)[pri:0, instance:Tests.LinearAPITests.Https@4e517165]" started-at="2020-09-18T16:52:26Z" name="beforeTestCase" finished-at="2020-09-18T16:52:26Z" duration-ms="1" status="PASS">
          <params>
            <param index="0">
              <value>
                <![CDATA[public void Tests.LinearAPITests.Https.Https(java.lang.String) throws java.lang.Exception]]>
              </value>
            </param>
          </params>
          <reporter-output>
          </reporter-output>
        </test-method> <!-- beforeTestCase -->
        <test-method signature="Https(java.lang.String)[pri:0, instance:Tests.LinearAPITests.Https@4e517165]" started-at="2020-09-18T16:52:26Z" name="Https" description="Validate Https" data-provider="Https" finished-at="2020-09-18T16:52:26Z" duration-ms="56" status="PASS">
          <params>
            <param index="0">
              <value>
                <![CDATA[https://services.whatsonindia.com/recoStar/recoStarHost.svc/ProgrammesByHybridGenreForHeadEnd_languagefiltration/v2?apikey=086e894abe76b5dfda9ebd50da351e1d31d29c97&responseformat=json&responselanguage=english&pageno=1&userid=5154404&hybridgenre=Sports&context=applicationname=iphoneapp;webp=true;sortfield=starttime;outdatetimeformat=s;opid=;headendid=1074;msisdn=0;custid=0;programmeimagedimension=mediumsquare;channelimagedimension=132x99&languagesfiltered=English,Hindi&fromDateTime=202008180930&toDateTime=202008182359]]>
              </value>
            </param>
          </params>
          <reporter-output>
          </reporter-output>
        </test-method> <!-- Https -->
        <test-method is-config="true" signature="beforeTestCase(java.lang.reflect.Method)[pri:0, instance:Tests.LinearAPITests.Https@4e517165]" started-at="2020-09-18T16:52:26Z" name="beforeTestCase" finished-at="2020-09-18T16:52:26Z" duration-ms="0" status="PASS">
          <params>
            <param index="0">
              <value>
                <![CDATA[public void Tests.LinearAPITests.Https.Https(java.lang.String) throws java.lang.Exception]]>
              </value>
            </param>
          </params>
          <reporter-output>
          </reporter-output>
        </test-method> <!-- beforeTestCase -->
        <test-method signature="Https(java.lang.String)[pri:0, instance:Tests.LinearAPITests.Https@4e517165]" started-at="2020-09-18T16:52:26Z" name="Https" description="Validate Https" data-provider="Https" finished-at="2020-09-18T16:52:26Z" duration-ms="422" status="FAIL">
          <params>
            <param index="0">
              <value>
                <![CDATA[https://services.whatsonindia.com/recoStar/recoStarHost.svc/TopRatedProgrammesWithAdditionalInfo?apikey=bd1be4f71a543a9e1dae235ce98ff9494f2ff369&responseformat=json&responselanguage=english&pageno=1&context=headendid=2054;utcoffsetinmin=0;includerecommended=true;applicationname=CCNDEN;hasgenericimage=false;includevideos=true;includewatchlist=true;programmeimagedimension=xlarge&%20channelimagedimension=small&channelname=&genre=&subgenre=&language=&cast=&director=&headendcolumnlist=lcn,channelid,channeldisplayname&,channelid,channeldisplayname&fromdatetime=202008130726&enddatetime=202008142359&userid=4510]]>
              </value>
            </param>
          </params>
          <exception class="java.lang.AssertionError">
            <message>
              <![CDATA[videourl mismatch]]>
            </message>
            <full-stacktrace>
              <![CDATA[java.lang.AssertionError: videourl mismatch
at org.testng.Assert.fail(Assert.java:96)
at Tests.LinearAPITests.Https.Https(Https.java:123)
at jdk.internal.reflect.GeneratedMethodAccessor3.invoke(Unknown Source)
at java.base/jdk.internal.reflect.DelegatingMethodAccessorImpl.invoke(DelegatingMethodAccessorImpl.java:43)
at java.base/java.lang.reflect.Method.invoke(Method.java:564)
at org.testng.internal.MethodInvocationHelper.invokeMethod(MethodInvocationHelper.java:124)
at org.testng.internal.Invoker.invokeMethod(Invoker.java:583)
at org.testng.internal.Invoker.invokeTestMethod(Invoker.java:719)
at org.testng.internal.Invoker.invokeTestMethods(Invoker.java:989)
at org.testng.internal.TestMethodWorker.invokeTestMethods(TestMethodWorker.java:125)
at org.testng.internal.TestMethodWorker.run(TestMethodWorker.java:109)
at org.testng.TestRunner.privateRun(TestRunner.java:648)
at org.testng.TestRunner.run(TestRunner.java:505)
at org.testng.SuiteRunner.runTest(SuiteRunner.java:455)
at org.testng.SuiteRunner.runSequentially(SuiteRunner.java:450)
at org.testng.SuiteRunner.privateRun(SuiteRunner.java:415)
at org.testng.SuiteRunner.run(SuiteRunner.java:364)
at org.testng.SuiteRunnerWorker.runSuite(SuiteRunnerWorker.java:52)
at org.testng.SuiteRunnerWorker.run(SuiteRunnerWorker.java:84)
at org.testng.TestNG.runSuitesSequentially(TestNG.java:1208)
at org.testng.TestNG.runSuitesLocally(TestNG.java:1137)
at org.testng.TestNG.runSuites(TestNG.java:1049)
at org.testng.TestNG.run(TestNG.java:1017)
at org.testng.IDEARemoteTestNG.run(IDEARemoteTestNG.java:72)
at org.testng.RemoteTestNGStarter.main(RemoteTestNGStarter.java:123)
]]>
            </full-stacktrace>
          </exception> <!-- java.lang.AssertionError -->
          <reporter-output>
          </reporter-output>
        </test-method> <!-- Https -->
        <test-method is-config="true" signature="beforeTestCase(java.lang.reflect.Method)[pri:0, instance:Tests.LinearAPITests.Https@4e517165]" started-at="2020-09-18T16:52:26Z" name="beforeTestCase" finished-at="2020-09-18T16:52:26Z" duration-ms="0" status="PASS">
          <params>
            <param index="0">
              <value>
                <![CDATA[public void Tests.LinearAPITests.Https.Https(java.lang.String) throws java.lang.Exception]]>
              </value>
            </param>
          </params>
          <reporter-output>
          </reporter-output>
        </test-method> <!-- beforeTestCase -->
        <test-method signature="Https(java.lang.String)[pri:0, instance:Tests.LinearAPITests.Https@4e517165]" started-at="2020-09-18T16:52:26Z" name="Https" description="Validate Https" data-provider="Https" finished-at="2020-09-18T16:52:26Z" duration-ms="34" status="PASS">
          <params>
            <param index="0">
              <value>
                <![CDATA[https://services.whatsonindia.com/RecoStar/RecoStarHost.svc/NextSchedule?apikey=732217de58820ef4dc0353a910df674a58084629&responseformat=json&responselanguage=english&context=applicationname=standard;headendid=9641;outdatetimeformat=s;channelimagewidth=3840;channelimageheight=2160;programmeimagewidth=270;programmeimageheight=360&programmeid=30000000549640140&channelid=10000000000080000&userid=1995244&fromdate=201904260000&enddate=201904262359&pagesize=10&pageno=1&logotype=Dark]]>
              </value>
            </param>
          </params>
          <reporter-output>
          </reporter-output>
        </test-method> <!-- Https -->
        <test-method is-config="true" signature="beforeTestCase(java.lang.reflect.Method)[pri:0, instance:Tests.LinearAPITests.Https@4e517165]" started-at="2020-09-18T16:52:26Z" name="beforeTestCase" finished-at="2020-09-18T16:52:26Z" duration-ms="0" status="PASS">
          <params>
            <param index="0">
              <value>
                <![CDATA[public void Tests.LinearAPITests.Https.Https(java.lang.String) throws java.lang.Exception]]>
              </value>
            </param>
          </params>
          <reporter-output>
          </reporter-output>
        </test-method> <!-- beforeTestCase -->
        <test-method signature="Https(java.lang.String)[pri:0, instance:Tests.LinearAPITests.Https@4e517165]" started-at="2020-09-18T16:52:26Z" name="Https" description="Validate Https" data-provider="Https" finished-at="2020-09-18T16:52:27Z" duration-ms="407" status="PASS">
          <params>
            <param index="0">
              <value>
                <![CDATA[https://services.whatsonindia.com/recoStar/recoStarHost.svc/NowNextForHeadend_FilteredLanguage?apikey=02e0a51e74de584591fb1037b10bada5a4053b1e&responseformat=json&responselanguage=english&pageno=1&context=applicationname=iphoneapp;sortfield=lcn;webp=true;headendid=1073;headendtype=DTH;msisdn=0;custid=0;programmeimagedimension=mediumsquare;channelimagedimension=132x99&filteredlanguages=English,Hindi,Marathi]]>
              </value>
            </param>
          </params>
          <reporter-output>
          </reporter-output>
        </test-method> <!-- Https -->
        <test-method is-config="true" signature="beforeTestCase(java.lang.reflect.Method)[pri:0, instance:Tests.LinearAPITests.Https@4e517165]" started-at="2020-09-18T16:52:27Z" name="beforeTestCase" finished-at="2020-09-18T16:52:27Z" duration-ms="1" status="PASS">
          <params>
            <param index="0">
              <value>
                <![CDATA[public void Tests.LinearAPITests.Https.Https(java.lang.String) throws java.lang.Exception]]>
              </value>
            </param>
          </params>
          <reporter-output>
          </reporter-output>
        </test-method> <!-- beforeTestCase -->
        <test-method signature="Https(java.lang.String)[pri:0, instance:Tests.LinearAPITests.Https@4e517165]" started-at="2020-09-18T16:52:27Z" name="Https" description="Validate Https" data-provider="Https" finished-at="2020-09-18T16:52:27Z" duration-ms="55" status="FAIL">
          <params>
            <param index="0">
              <value>
                <![CDATA[https://services.whatsonindia.com/guideStar/guideStarHost.svc/schedulegrid/v2?apikey=40f13eedbc864a4d654350d791cddb9332dc7626&channellist=star plus&responseformat=json&responselanguage=telugu&logotype=Dark&fromdatetime=202008182300&todatetime=202008192300&context=headendid=2645;applicationname=Standard;channelimagewidth=360;channelimageheight=270;programmeimagewidth=360;programmeimageheight=270;includeprevdayspillover=true;outdatetimeformat=s;forcechannelmetadatafiltering=false;sortfield=channeldisplayname&userid=0]]>
              </value>
            </param>
          </params>
          <exception class="java.lang.AssertionError">
            <message>
              <![CDATA[Response Code is not as expected! Expected: 200, Actual: 400 expected [true] but found [false]]]>
            </message>
            <full-stacktrace>
              <![CDATA[java.lang.AssertionError: Response Code is not as expected! Expected: 200, Actual: 400 expected [true] but found [false]
at org.testng.Assert.fail(Assert.java:96)
at org.testng.Assert.failNotEquals(Assert.java:776)
at org.testng.Assert.assertTrue(Assert.java:44)
at Tests.LinearAPITests.Https.Https(Https.java:61)
at jdk.internal.reflect.GeneratedMethodAccessor3.invoke(Unknown Source)
at java.base/jdk.internal.reflect.DelegatingMethodAccessorImpl.invoke(DelegatingMethodAccessorImpl.java:43)
at java.base/java.lang.reflect.Method.invoke(Method.java:564)
at org.testng.internal.MethodInvocationHelper.invokeMethod(MethodInvocationHelper.java:124)
at org.testng.internal.Invoker.invokeMethod(Invoker.java:583)
at org.testng.internal.Invoker.invokeTestMethod(Invoker.java:719)
at org.testng.internal.Invoker.invokeTestMethods(Invoker.java:989)
at org.testng.internal.TestMethodWorker.invokeTestMethods(TestMethodWorker.java:125)
at org.testng.internal.TestMethodWorker.run(TestMethodWorker.java:109)
at org.testng.TestRunner.privateRun(TestRunner.java:648)
at org.testng.TestRunner.run(TestRunner.java:505)
at org.testng.SuiteRunner.runTest(SuiteRunner.java:455)
at org.testng.SuiteRunner.runSequentially(SuiteRunner.java:450)
at org.testng.SuiteRunner.privateRun(SuiteRunner.java:415)
at org.testng.SuiteRunner.run(SuiteRunner.java:364)
at org.testng.SuiteRunnerWorker.runSuite(SuiteRunnerWorker.java:52)
at org.testng.SuiteRunnerWorker.run(SuiteRunnerWorker.java:84)
at org.testng.TestNG.runSuitesSequentially(TestNG.java:1208)
at org.testng.TestNG.runSuitesLocally(TestNG.java:1137)
at org.testng.TestNG.runSuites(TestNG.java:1049)
at org.testng.TestNG.run(TestNG.java:1017)
at org.testng.IDEARemoteTestNG.run(IDEARemoteTestNG.java:72)
at org.testng.RemoteTestNGStarter.main(RemoteTestNGStarter.java:123)
]]>
            </full-stacktrace>
          </exception> <!-- java.lang.AssertionError -->
          <reporter-output>
          </reporter-output>
        </test-method> <!-- Https -->
        <test-method is-config="true" signature="beforeTestCase(java.lang.reflect.Method)[pri:0, instance:Tests.LinearAPITests.Https@4e517165]" started-at="2020-09-18T16:52:27Z" name="beforeTestCase" finished-at="2020-09-18T16:52:27Z" duration-ms="0" status="PASS">
          <params>
            <param index="0">
              <value>
                <![CDATA[public void Tests.LinearAPITests.Https.Https(java.lang.String) throws java.lang.Exception]]>
              </value>
            </param>
          </params>
          <reporter-output>
          </reporter-output>
        </test-method> <!-- beforeTestCase -->
        <test-method signature="Https(java.lang.String)[pri:0, instance:Tests.LinearAPITests.Https@4e517165]" started-at="2020-09-18T16:52:27Z" name="Https" description="Validate Https" data-provider="Https" finished-at="2020-09-18T16:52:27Z" duration-ms="18" status="FAIL">
          <params>
            <param index="0">
              <value>
                <![CDATA[https://services.whatsonindia.com/guideStar/guideStarHost.svc/schedulegrid/V4?apikey=a9412422c11252f60268edc332c9efaf8a40f6e7&channellist=Star Movies, Star Sports 1&responseformat=json&responselanguage=english&fromdatetime=202008171200&todatetime=202008171500&context=headendid=9641;applicationname=Standard;includeprevdayspillover=true;outdatetimeformat=s]]>
              </value>
            </param>
          </params>
          <exception class="java.lang.AssertionError">
            <message>
              <![CDATA[Response Code is not as expected! Expected: 200, Actual: 400 expected [true] but found [false]]]>
            </message>
            <full-stacktrace>
              <![CDATA[java.lang.AssertionError: Response Code is not as expected! Expected: 200, Actual: 400 expected [true] but found [false]
at org.testng.Assert.fail(Assert.java:96)
at org.testng.Assert.failNotEquals(Assert.java:776)
at org.testng.Assert.assertTrue(Assert.java:44)
at Tests.LinearAPITests.Https.Https(Https.java:61)
at jdk.internal.reflect.GeneratedMethodAccessor3.invoke(Unknown Source)
at java.base/jdk.internal.reflect.DelegatingMethodAccessorImpl.invoke(DelegatingMethodAccessorImpl.java:43)
at java.base/java.lang.reflect.Method.invoke(Method.java:564)
at org.testng.internal.MethodInvocationHelper.invokeMethod(MethodInvocationHelper.java:124)
at org.testng.internal.Invoker.invokeMethod(Invoker.java:583)
at org.testng.internal.Invoker.invokeTestMethod(Invoker.java:719)
at org.testng.internal.Invoker.invokeTestMethods(Invoker.java:989)
at org.testng.internal.TestMethodWorker.invokeTestMethods(TestMethodWorker.java:125)
at org.testng.internal.TestMethodWorker.run(TestMethodWorker.java:109)
at org.testng.TestRunner.privateRun(TestRunner.java:648)
at org.testng.TestRunner.run(TestRunner.java:505)
at org.testng.SuiteRunner.runTest(SuiteRunner.java:455)
at org.testng.SuiteRunner.runSequentially(SuiteRunner.java:450)
at org.testng.SuiteRunner.privateRun(SuiteRunner.java:415)
at org.testng.SuiteRunner.run(SuiteRunner.java:364)
at org.testng.SuiteRunnerWorker.runSuite(SuiteRunnerWorker.java:52)
at org.testng.SuiteRunnerWorker.run(SuiteRunnerWorker.java:84)
at org.testng.TestNG.runSuitesSequentially(TestNG.java:1208)
at org.testng.TestNG.runSuitesLocally(TestNG.java:1137)
at org.testng.TestNG.runSuites(TestNG.java:1049)
at org.testng.TestNG.run(TestNG.java:1017)
at org.testng.IDEARemoteTestNG.run(IDEARemoteTestNG.java:72)
at org.testng.RemoteTestNGStarter.main(RemoteTestNGStarter.java:123)
]]>
            </full-stacktrace>
          </exception> <!-- java.lang.AssertionError -->
          <reporter-output>
          </reporter-output>
        </test-method> <!-- Https -->
        <test-method is-config="true" signature="beforeTestCase(java.lang.reflect.Method)[pri:0, instance:Tests.LinearAPITests.Https@4e517165]" started-at="2020-09-18T16:52:27Z" name="beforeTestCase" finished-at="2020-09-18T16:52:27Z" duration-ms="0" status="PASS">
          <params>
            <param index="0">
              <value>
                <![CDATA[public void Tests.LinearAPITests.Https.Https(java.lang.String) throws java.lang.Exception]]>
              </value>
            </param>
          </params>
          <reporter-output>
          </reporter-output>
        </test-method> <!-- beforeTestCase -->
        <test-method signature="Https(java.lang.String)[pri:0, instance:Tests.LinearAPITests.Https@4e517165]" started-at="2020-09-18T16:52:27Z" name="Https" description="Validate Https" data-provider="Https" finished-at="2020-09-18T16:52:27Z" duration-ms="101" status="PASS">
          <params>
            <param index="0">
              <value>
                <![CDATA[https://services.whatsonindia.com/recoStar/recoStarHost.svc/SimilarChannelsWithNowNext?apikey=60f776c1a235a3c3e62543c3793c36d6cc511db9&responseformat=json&responselanguage=English&pageno=1&channelid=10000000025050000&userid=5160764&havingsamegenre=true&context=applicationname=androidapp;sortfield=lcn;headendid=1077;msisdn=0;custid=0;sort=false;programmeimagedimension=xlarge;channelimagedimension=medium]]>
              </value>
            </param>
          </params>
          <reporter-output>
          </reporter-output>
        </test-method> <!-- Https -->
        <test-method is-config="true" signature="beforeTestCase(java.lang.reflect.Method)[pri:0, instance:Tests.LinearAPITests.Https@4e517165]" started-at="2020-09-18T16:52:27Z" name="beforeTestCase" finished-at="2020-09-18T16:52:27Z" duration-ms="1" status="PASS">
          <params>
            <param index="0">
              <value>
                <![CDATA[public void Tests.LinearAPITests.Https.Https(java.lang.String) throws java.lang.Exception]]>
              </value>
            </param>
          </params>
          <reporter-output>
          </reporter-output>
        </test-method> <!-- beforeTestCase -->
        <test-method signature="Https(java.lang.String)[pri:0, instance:Tests.LinearAPITests.Https@4e517165]" started-at="2020-09-18T16:52:27Z" name="Https" description="Validate Https" data-provider="Https" finished-at="2020-09-18T16:52:27Z" duration-ms="92" status="FAIL">
          <params>
            <param index="0">
              <value>
                <![CDATA[https://services.whatsonindia.com/recoStar/recoStarHost.svc/UserFavouriteChannelsNowNext?apikey=19a448c01aa2e7d55979473b647e282459995b85&responseformat=json&responselanguage=english&pageno=1&context=applicationname=iphoneapp;webp=true;sortfield=lcn;headendid=1074;channelimagedimension=large;headendtype=DTH&userid=1051030]]>
              </value>
            </param>
          </params>
          <exception class="java.lang.AssertionError">
            <message>
              <![CDATA[programmeurl mismatch]]>
            </message>
            <full-stacktrace>
              <![CDATA[java.lang.AssertionError: programmeurl mismatch
at org.testng.Assert.fail(Assert.java:96)
at Tests.LinearAPITests.Https.Https(Https.java:89)
at jdk.internal.reflect.GeneratedMethodAccessor3.invoke(Unknown Source)
at java.base/jdk.internal.reflect.DelegatingMethodAccessorImpl.invoke(DelegatingMethodAccessorImpl.java:43)
at java.base/java.lang.reflect.Method.invoke(Method.java:564)
at org.testng.internal.MethodInvocationHelper.invokeMethod(MethodInvocationHelper.java:124)
at org.testng.internal.Invoker.invokeMethod(Invoker.java:583)
at org.testng.internal.Invoker.invokeTestMethod(Invoker.java:719)
at org.testng.internal.Invoker.invokeTestMethods(Invoker.java:989)
at org.testng.internal.TestMethodWorker.invokeTestMethods(TestMethodWorker.java:125)
at org.testng.internal.TestMethodWorker.run(TestMethodWorker.java:109)
at org.testng.TestRunner.privateRun(TestRunner.java:648)
at org.testng.TestRunner.run(TestRunner.java:505)
at org.testng.SuiteRunner.runTest(SuiteRunner.java:455)
at org.testng.SuiteRunner.runSequentially(SuiteRunner.java:450)
at org.testng.SuiteRunner.privateRun(SuiteRunner.java:415)
at org.testng.SuiteRunner.run(SuiteRunner.java:364)
at org.testng.SuiteRunnerWorker.runSuite(SuiteRunnerWorker.java:52)
at org.testng.SuiteRunnerWorker.run(SuiteRunnerWorker.java:84)
at org.testng.TestNG.runSuitesSequentially(TestNG.java:1208)
at org.testng.TestNG.runSuitesLocally(TestNG.java:1137)
at org.testng.TestNG.runSuites(TestNG.java:1049)
at org.testng.TestNG.run(TestNG.java:1017)
at org.testng.IDEARemoteTestNG.run(IDEARemoteTestNG.java:72)
at org.testng.RemoteTestNGStarter.main(RemoteTestNGStarter.java:123)
]]>
            </full-stacktrace>
          </exception> <!-- java.lang.AssertionError -->
          <reporter-output>
          </reporter-output>
        </test-method> <!-- Https -->
        <test-method is-config="true" signature="beforeTestCase(java.lang.reflect.Method)[pri:0, instance:Tests.LinearAPITests.Https@4e517165]" started-at="2020-09-18T16:52:27Z" name="beforeTestCase" finished-at="2020-09-18T16:52:27Z" duration-ms="0" status="PASS">
          <params>
            <param index="0">
              <value>
                <![CDATA[public void Tests.LinearAPITests.Https.Https(java.lang.String) throws java.lang.Exception]]>
              </value>
            </param>
          </params>
          <reporter-output>
          </reporter-output>
        </test-method> <!-- beforeTestCase -->
        <test-method signature="Https(java.lang.String)[pri:0, instance:Tests.LinearAPITests.Https@4e517165]" started-at="2020-09-18T16:52:27Z" name="Https" description="Validate Https" data-provider="Https" finished-at="2020-09-18T16:52:28Z" duration-ms="860" status="PASS">
          <params>
            <param index="0">
              <value>
                <![CDATA[https://services.whatsonindia.com/recoStar/recoStarHost.svc/WatchListProgrammesUsingCF/V2?apikey=61b5df41f1006a3d0ead4e4e6a6a61cb32496959&responseformat=json&responselanguage=english&pageno=1&context=outdatetimeformat=s;applicationname=androidapp;sortfield=lcn;headendid=1071;channelimagedimension=70x53;programmeimagedimension=square;headendid=1071&userid=2809365&daytype=all]]>
              </value>
            </param>
          </params>
          <reporter-output>
          </reporter-output>
        </test-method> <!-- Https -->
        <test-method is-config="true" signature="beforeTestCase(java.lang.reflect.Method)[pri:0, instance:Tests.LinearAPITests.Https@4e517165]" started-at="2020-09-18T16:52:28Z" name="beforeTestCase" finished-at="2020-09-18T16:52:28Z" duration-ms="1" status="PASS">
          <params>
            <param index="0">
              <value>
                <![CDATA[public void Tests.LinearAPITests.Https.Https(java.lang.String) throws java.lang.Exception]]>
              </value>
            </param>
          </params>
          <reporter-output>
          </reporter-output>
        </test-method> <!-- beforeTestCase -->
        <test-method signature="Https(java.lang.String)[pri:0, instance:Tests.LinearAPITests.Https@4e517165]" started-at="2020-09-18T16:52:28Z" name="Https" description="Validate Https" data-provider="Https" finished-at="2020-09-18T16:52:28Z" duration-ms="30" status="PASS">
          <params>
            <param index="0">
              <value>
                <![CDATA[https://services.whatsonindia.com/TSM/TSMHost.svc/ChannelGenreForOperatorFromTSM?apikey=c5063b380b7f2b5dc3bafe6c2af8dd40fc5832ad&responseformat=json&context=headendid=2558;applicationname=MEGHBELA&responselanguage=english]]>
              </value>
            </param>
          </params>
          <reporter-output>
          </reporter-output>
        </test-method> <!-- Https -->
        <test-method is-config="true" signature="beforeTestCase(java.lang.reflect.Method)[pri:0, instance:Tests.LinearAPITests.Https@4e517165]" started-at="2020-09-18T16:52:28Z" name="beforeTestCase" finished-at="2020-09-18T16:52:28Z" duration-ms="0" status="PASS">
          <params>
            <param index="0">
              <value>
                <![CDATA[public void Tests.LinearAPITests.Https.Https(java.lang.String) throws java.lang.Exception]]>
              </value>
            </param>
          </params>
          <reporter-output>
          </reporter-output>
        </test-method> <!-- beforeTestCase -->
        <test-method signature="Https(java.lang.String)[pri:0, instance:Tests.LinearAPITests.Https@4e517165]" started-at="2020-09-18T16:52:28Z" name="Https" description="Validate Https" data-provider="Https" finished-at="2020-09-18T16:52:28Z" duration-ms="265" status="PASS">
          <params>
            <param index="0">
              <value>
                <![CDATA[https://services.whatsonindia.com/recoStar/recoStarHost.svc/EditorsPick_LanguageFiltration?apikey=390a452ac5b4655b709df89c9d284929225d4e2a&responseformat=json&responselanguage=English&pageno=1&userid=0&languagelist=&context=applicationName=androidapp;outdatetimeformat=s;sortfield=channeldisplayname;headendid=2646;utcoffsetinmin=120;msisdn=0;custid=0;programmeimagedimension=xlarge;channelimagedimension=70x53]]>
              </value>
            </param>
          </params>
          <reporter-output>
          </reporter-output>
        </test-method> <!-- Https -->
        <test-method signature="Https(java.lang.String)[pri:0, instance:Tests.LinearAPITests.Https@4e517165]" started-at="2020-09-18T16:52:28Z" name="Https" description="Validate Https" data-provider="Https" finished-at="2020-09-18T16:52:29Z" duration-ms="506" status="PASS">
          <params>
            <param index="0">
              <value>
                <![CDATA[https://services.whatsonindia.com/RecoStar/RecoStarHost.svc/SearchProgram_LanguageFiltration?apikey=b0e9220e1d729358994ea89542fa505ad4467470&responseformat=json&responselanguage=english&pageno=1&SearchText=UTV+action&SearchCategory=FREETEXTSEARCH&SearchSortField=RELATIVE&SearchSortOrder=asc&userid=5159135&context=outdatetimeformat=s;applicationname=androidapp;sortfield=channeldisplayname;headendid=0;msisdn=0;custid=0;programmeimagedimension=mediumsquare;channelimagedimension=70x53;enablesearchfallback=true&filteredlanguages=]]>
              </value>
            </param>
          </params>
          <reporter-output>
          </reporter-output>
        </test-method> <!-- Https -->
        <test-method is-config="true" signature="beforeTestCase(java.lang.reflect.Method)[pri:0, instance:Tests.LinearAPITests.Https@4e517165]" started-at="2020-09-18T16:52:28Z" name="beforeTestCase" finished-at="2020-09-18T16:52:28Z" duration-ms="0" status="PASS">
          <params>
            <param index="0">
              <value>
                <![CDATA[public void Tests.LinearAPITests.Https.Https(java.lang.String) throws java.lang.Exception]]>
              </value>
            </param>
          </params>
          <reporter-output>
          </reporter-output>
        </test-method> <!-- beforeTestCase -->
        <test-method is-config="true" signature="beforeTestCase(java.lang.reflect.Method)[pri:0, instance:Tests.LinearAPITests.Https@4e517165]" started-at="2020-09-18T16:52:29Z" name="beforeTestCase" finished-at="2020-09-18T16:52:29Z" duration-ms="1" status="PASS">
          <params>
            <param index="0">
              <value>
                <![CDATA[public void Tests.LinearAPITests.Https.Https(java.lang.String) throws java.lang.Exception]]>
              </value>
            </param>
          </params>
          <reporter-output>
          </reporter-output>
        </test-method> <!-- beforeTestCase -->
        <test-method signature="Https(java.lang.String)[pri:0, instance:Tests.LinearAPITests.Https@4e517165]" started-at="2020-09-18T16:52:29Z" name="Https" description="Validate Https" data-provider="Https" finished-at="2020-09-18T16:52:29Z" duration-ms="151" status="PASS">
          <params>
            <param index="0">
              <value>
                <![CDATA[https://services.whatsonindia.com/RecoStar/RecoStarHost.svc/UserRecommendedChannelsNowNext?apikey=745b713580e90e3eed014594fdd55124a250d868&responseformat=json&responselanguage=English&pageno=1&toprecommendedchannels=0&context=applicationname=androidapp;sortfield=channeldisplayname;headendid=0;channelimagedimension=70x53;headendtype=;programmeimagedimension=small&userid=5156215&includefavoritechannel=true&includerecommendedchannel=false]]>
              </value>
            </param>
          </params>
          <reporter-output>
          </reporter-output>
        </test-method> <!-- Https -->
        <test-method is-config="true" signature="beforeTestCase(java.lang.reflect.Method)[pri:0, instance:Tests.LinearAPITests.Https@4e517165]" started-at="2020-09-18T16:52:29Z" name="beforeTestCase" finished-at="2020-09-18T16:52:29Z" duration-ms="0" status="PASS">
          <params>
            <param index="0">
              <value>
                <![CDATA[public void Tests.LinearAPITests.Https.Https(java.lang.String) throws java.lang.Exception]]>
              </value>
            </param>
          </params>
          <reporter-output>
          </reporter-output>
        </test-method> <!-- beforeTestCase -->
        <test-method signature="Https(java.lang.String)[pri:0, instance:Tests.LinearAPITests.Https@4e517165]" started-at="2020-09-18T16:52:29Z" name="Https" description="Validate Https" data-provider="Https" finished-at="2020-09-18T16:52:29Z" duration-ms="411" status="PASS">
          <params>
            <param index="0">
              <value>
                <![CDATA[https://services.whatsonindia.com/recoStar/recoStarHost.svc/VideocategoryList?apikey=10d293a95915109e7675b011f404213902624f14&responseformat=json&responselanguage=english&pageno=1&context=applicationname=iphoneapp;webp=true;sortfield=channeldisplayname;headendid=0]]>
              </value>
            </param>
          </params>
          <reporter-output>
          </reporter-output>
        </test-method> <!-- Https -->
        <test-method is-config="true" signature="beforeTestCase(java.lang.reflect.Method)[pri:0, instance:Tests.LinearAPITests.Https@4e517165]" started-at="2020-09-18T16:52:29Z" name="beforeTestCase" finished-at="2020-09-18T16:52:29Z" duration-ms="0" status="PASS">
          <params>
            <param index="0">
              <value>
                <![CDATA[public void Tests.LinearAPITests.Https.Https(java.lang.String) throws java.lang.Exception]]>
              </value>
            </param>
          </params>
          <reporter-output>
          </reporter-output>
        </test-method> <!-- beforeTestCase -->
        <test-method signature="Https(java.lang.String)[pri:0, instance:Tests.LinearAPITests.Https@4e517165]" started-at="2020-09-18T16:52:29Z" name="Https" description="Validate Https" data-provider="Https" finished-at="2020-09-18T16:52:30Z" duration-ms="256" status="PASS">
          <params>
            <param index="0">
              <value>
                <![CDATA[https://services.whatsonindia.com/RecoStar/RecoStarHost.svc/ViewersLikePrg?apikey=f58488d89546773dc573388dc1f754b42b49b026&responseformat=json&responselanguage=English&pageno=1&programmeid=30000000549650672&userid=2548307&languageid=10000000000140000&context=applicationname=androidapp;sortfield=lcn;headendid=2160;msisdn=0;custid=0;programmeimagedimension=mediumsquare;channelimagedimension=70x53]]>
              </value>
            </param>
          </params>
          <reporter-output>
          </reporter-output>
        </test-method> <!-- Https -->
        <test-method signature="Https(java.lang.String)[pri:0, instance:Tests.LinearAPITests.Https@4e517165]" started-at="2020-09-18T16:52:30Z" name="Https" description="Validate Https" data-provider="Https" finished-at="2020-09-18T16:52:30Z" duration-ms="95" status="PASS">
          <params>
            <param index="0">
              <value>
                <![CDATA[https://services.whatsonindia.com/RecoStar/RecoStarHost.svc/PremieresAndUpcoming/V2?apikey=9d8974baddfc0e53300829f37e5fc88b0f5ce61b&responseformat=json&responselanguage=English&pageno=1&context=applicationname=androidapp;sortfield=lcn;headendid=823;msisdn=0;custid=0;outdatetimeformat=s;programmeimagedimension=mediumsquare;channelimagedimension=70x53]]>
              </value>
            </param>
          </params>
          <reporter-output>
          </reporter-output>
        </test-method> <!-- Https -->
        <test-method is-config="true" signature="beforeTestCase(java.lang.reflect.Method)[pri:0, instance:Tests.LinearAPITests.Https@4e517165]" started-at="2020-09-18T16:52:30Z" name="beforeTestCase" finished-at="2020-09-18T16:52:30Z" duration-ms="0" status="PASS">
          <params>
            <param index="0">
              <value>
                <![CDATA[public void Tests.LinearAPITests.Https.Https(java.lang.String) throws java.lang.Exception]]>
              </value>
            </param>
          </params>
          <reporter-output>
          </reporter-output>
        </test-method> <!-- beforeTestCase -->
        <test-method is-config="true" signature="beforeTestCase(java.lang.reflect.Method)[pri:0, instance:Tests.LinearAPITests.Https@4e517165]" started-at="2020-09-18T16:52:30Z" name="beforeTestCase" finished-at="2020-09-18T16:52:30Z" duration-ms="0" status="PASS">
          <params>
            <param index="0">
              <value>
                <![CDATA[public void Tests.LinearAPITests.Https.Https(java.lang.String) throws java.lang.Exception]]>
              </value>
            </param>
          </params>
          <reporter-output>
          </reporter-output>
        </test-method> <!-- beforeTestCase -->
        <test-method signature="Https(java.lang.String)[pri:0, instance:Tests.LinearAPITests.Https@4e517165]" started-at="2020-09-18T16:52:30Z" name="Https" description="Validate Https" data-provider="Https" finished-at="2020-09-18T16:52:31Z" duration-ms="1564" status="PASS">
          <params>
            <param index="0">
              <value>
                <![CDATA[https://services.whatsonindia.com/recoStar/recoStarHost.svc/WatchListProgrammesUsingCF?apikey=61b5df41f1006a3d0ead4e4e6a6a61cb32496959&responseformat=json&responselanguage=english&pageno=1&context=outdatetimeformat=s;applicationname=androidapp;sortfield=lcn;headendid=1071;channelimagedimension=70x53;programmeimagedimension=square;headendid=1071&userid=2809365&daytype=all]]>
              </value>
            </param>
          </params>
          <reporter-output>
          </reporter-output>
        </test-method> <!-- Https -->
        <test-method signature="Https(java.lang.String)[pri:0, instance:Tests.LinearAPITests.Https@4e517165]" started-at="2020-09-18T16:52:31Z" name="Https" description="Validate Https" data-provider="Https" finished-at="2020-09-18T16:52:31Z" duration-ms="94" status="PASS">
          <params>
            <param index="0">
              <value>
                <![CDATA[https://services.whatsonindia.com/recoStar/recoStarHost.svc/TrendingPrograms?apikey=06349be70bd2d5dd98d36b9b8dba0a057500fdac&responseformat=json&responselanguage=english&pageno=1&context=applicationname=Win8%20App;opid=;headendid=0;msisdn=0;custid=0;programmeimagedimension=square;channelimagedimension=50x38]]>
              </value>
            </param>
          </params>
          <reporter-output>
          </reporter-output>
        </test-method> <!-- Https -->
        <test-method is-config="true" signature="beforeTestCase(java.lang.reflect.Method)[pri:0, instance:Tests.LinearAPITests.Https@4e517165]" started-at="2020-09-18T16:52:31Z" name="beforeTestCase" finished-at="2020-09-18T16:52:31Z" duration-ms="0" status="PASS">
          <params>
            <param index="0">
              <value>
                <![CDATA[public void Tests.LinearAPITests.Https.Https(java.lang.String) throws java.lang.Exception]]>
              </value>
            </param>
          </params>
          <reporter-output>
          </reporter-output>
        </test-method> <!-- beforeTestCase -->
[...]
              </value>
            </param>
          </params>
          <reporter-output>
          </reporter-output>
        </test-method> <!-- beforeTestCase -->
        <test-method signature="Https(java.lang.String)[pri:0, instance:Tests.LinearAPITests.Https@4e517165]" started-at="2020-09-18T16:52:37Z" name="Https" description="Validate Https" data-provider="Https" finished-at="2020-09-18T16:52:37Z" duration-ms="92" status="PASS">
          <params>
            <param index="0">
              <value>
                <![CDATA[https://services.whatsonindia.com/RecoStar/RecoStarHost.svc/SearchProgram/v3?apikey=13aa97a178fc365ca109ef8746f4b2cfd7f299c2&responseformat=json&responselanguage=english&pageno=1&SearchText=Ye&SearchSortField=relevance&fromdatetime=201804260000&enddatetime=201804282359&context=headendid=9641;applicationname=Standard;pagesize=20;outdatetimeformat=s;programmeimagewidth=360;programmeimageheight=270;channelimagewidth=360;channelimageheight=270&logotype=transparent]]>
              </value>
            </param>
          </params>
          <reporter-output>
          </reporter-output>
        </test-method> <!-- Https -->
        <test-method is-config="true" signature="beforeTestCase(java.lang.reflect.Method)[pri:0, instance:Tests.LinearAPITests.Https@4e517165]" started-at="2020-09-18T16:52:37Z" name="beforeTestCase" finished-at="2020-09-18T16:52:37Z" duration-ms="0" status="PASS">
          <params>
            <param index="0">
              <value>
                <![CDATA[public void Tests.LinearAPITests.Https.Https(java.lang.String) throws java.lang.Exception]]>
              </value>
            </param>
          </params>
          <reporter-output>
          </reporter-output>
        </test-method> <!-- beforeTestCase -->
        <test-method signature="Https(java.lang.String)[pri:0, instance:Tests.LinearAPITests.Https@4e517165]" started-at="2020-09-18T16:52:37Z" name="Https" description="Validate Https" data-provider="Https" finished-at="2020-09-18T16:52:37Z" duration-ms="46" status="PASS">
          <params>
            <param index="0">
              <value>
                <![CDATA[https://services.whatsonindia.com/UserStar/UserStarHost.svc/HybridGenre?apikey=8b2dd04e87577952ed20d966ffb1e252744cdb5f&responseformat=json&responselanguage=english&pageno=1&context=applicationname=androidapp;sortfield=lcn;headendid=3010]]>
              </value>
            </param>
          </params>
          <reporter-output>
          </reporter-output>
        </test-method> <!-- Https -->
        <test-method is-config="true" signature="beforeTestCase(java.lang.reflect.Method)[pri:0, instance:Tests.LinearAPITests.Https@4e517165]" started-at="2020-09-18T16:52:37Z" name="beforeTestCase" finished-at="2020-09-18T16:52:37Z" duration-ms="0" status="PASS">
          <params>
            <param index="0">
              <value>
                <![CDATA[public void Tests.LinearAPITests.Https.Https(java.lang.String) throws java.lang.Exception]]>
              </value>
            </param>
          </params>
          <reporter-output>
          </reporter-output>
        </test-method> <!-- beforeTestCase -->
        <test-method signature="Https(java.lang.String)[pri:0, instance:Tests.LinearAPITests.Https@4e517165]" started-at="2020-09-18T16:52:37Z" name="Https" description="Validate Https" data-provider="Https" finished-at="2020-09-18T16:52:37Z" duration-ms="276" status="PASS">
          <params>
            <param index="0">
              <value>
                <![CDATA[https://services.whatsonindia.com/RecoStar/RecoStarHost.svc/SearchProgram/v2?apikey=1185401df4fc07ec0f2e42c538ab6b1bb1388264&responseformat=json&responselanguage=english&pageno=1&SearchText=Disney%20channel&SearchCategory=FREETEXTSEARCH&SearchSortField=weight&SearchSortOrder=desc&userid=0&context=applicationname=Win8%20App;opid=;headendid=0;msisdn=0;custid=0;programmeimagedimension=square;channelimagedimension=50x38]]>
              </value>
            </param>
          </params>
          <reporter-output>
          </reporter-output>
        </test-method> <!-- Https -->
        <test-method signature="Https(java.lang.String)[pri:0, instance:Tests.LinearAPITests.Https@4e517165]" started-at="2020-09-18T16:52:37Z" name="Https" description="Validate Https" data-provider="Https" finished-at="2020-09-18T16:52:37Z" duration-ms="58" status="PASS">
          <params>
            <param index="0">
              <value>
                <![CDATA[https://services.whatsonindia.com/recoStar/recoStarHost.svc/castcrewdetails?apikey=40b3c4d64de2be7dc65e8772aac42d8509cda4b7&responseformat=json&responselanguage=english&context=headendid=699;applicationname=androidapp&thumbnailsize=70x70&programmeid=30000000550580085]]>
              </value>
            </param>
          </params>
          <reporter-output>
          </reporter-output>
        </test-method> <!-- Https -->
        <test-method is-config="true" signature="beforeTestCase(java.lang.reflect.Method)[pri:0, instance:Tests.LinearAPITests.Https@4e517165]" started-at="2020-09-18T16:52:37Z" name="beforeTestCase" finished-at="2020-09-18T16:52:37Z" duration-ms="0" status="PASS">
          <params>
            <param index="0">
              <value>
                <![CDATA[public void Tests.LinearAPITests.Https.Https(java.lang.String) throws java.lang.Exception]]>
              </value>
            </param>
          </params>
          <reporter-output>
          </reporter-output>
        </test-method> <!-- beforeTestCase -->
        <test-method is-config="true" signature="beforeTestCase(java.lang.reflect.Method)[pri:0, instance:Tests.LinearAPITests.Https@4e517165]" started-at="2020-09-18T16:52:37Z" name="beforeTestCase" finished-at="2020-09-18T16:52:37Z" duration-ms="0" status="PASS">
          <params>
            <param index="0">
              <value>
                <![CDATA[public void Tests.LinearAPITests.Https.Https(java.lang.String) throws java.lang.Exception]]>
              </value>
            </param>
          </params>
          <reporter-output>
          </reporter-output>
        </test-method> <!-- beforeTestCase -->
        <test-method signature="Https(java.lang.String)[pri:0, instance:Tests.LinearAPITests.Https@4e517165]" started-at="2020-09-18T16:52:37Z" name="Https" description="Validate Https" data-provider="Https" finished-at="2020-09-18T16:52:38Z" duration-ms="385" status="PASS">
          <params>
            <param index="0">
              <value>
                <![CDATA[https://services.whatsonindia.com/recoStar/recoStarHost.svc/ProgrammesByHybridGenreForHeadEnd_languagefiltration?apikey=086e894abe76b5dfda9ebd50da351e1d31d29c97&responseformat=json&responselanguage=english&pageno=1&userid=5154404&hybridgenre=Sports&context=applicationname=iphoneapp;webp=true;sortfield=starttime;outdatetimeformat=s;opid=;headendid=1074;msisdn=0;custid=0;programmeimagedimension=mediumsquare;channelimagedimension=132x99&languagesfiltered=English,Hindi&fromDateTime=202008180930&toDateTime=202008182359]]>
              </value>
            </param>
          </params>
          <reporter-output>
          </reporter-output>
        </test-method> <!-- Https -->
        <test-method is-config="true" signature="beforeTestCase(java.lang.reflect.Method)[pri:0, instance:Tests.LinearAPITests.Https@4e517165]" started-at="2020-09-18T16:52:38Z" name="beforeTestCase" finished-at="2020-09-18T16:52:38Z" duration-ms="0" status="PASS">
          <params>
            <param index="0">
              <value>
                <![CDATA[public void Tests.LinearAPITests.Https.Https(java.lang.String) throws java.lang.Exception]]>
              </value>
            </param>
          </params>
          <reporter-output>
          </reporter-output>
        </test-method> <!-- beforeTestCase -->
        <test-method signature="Https(java.lang.String)[pri:0, instance:Tests.LinearAPITests.Https@4e517165]" started-at="2020-09-18T16:52:38Z" name="Https" description="Validate Https" data-provider="Https" finished-at="2020-09-18T16:52:38Z" duration-ms="64" status="PASS">
          <params>
            <param index="0">
              <value>
                <![CDATA[https://services.whatsonindia.com/recoStar/recoStarHost.svc/nextprogrammesonchannel/v2?apikey=5ea2a167caa5bec58b16800303350173e3dd0946&responseformat=json&responselanguage=english&context=headendid=9641;applicationname=standard;programmeimagewidth=720;programmeimageheight=540;channelimagewidth=3840;channelimageheight=2160;topn=3&logotype=Dark&channelname=Star Movies]]>
              </value>
            </param>
          </params>
          <reporter-output>
          </reporter-output>
        </test-method> <!-- Https -->
        <test-method is-config="true" signature="beforeTestCase(java.lang.reflect.Method)[pri:0, instance:Tests.LinearAPITests.Https@4e517165]" started-at="2020-09-18T16:52:38Z" name="beforeTestCase" finished-at="2020-09-18T16:52:38Z" duration-ms="1" status="PASS">
          <params>
            <param index="0">
              <value>
                <![CDATA[public void Tests.LinearAPITests.Https.Https(java.lang.String) throws java.lang.Exception]]>
              </value>
            </param>
          </params>
          <reporter-output>
          </reporter-output>
        </test-method> <!-- beforeTestCase -->
        <test-method signature="Https(java.lang.String)[pri:0, instance:Tests.LinearAPITests.Https@4e517165]" started-at="2020-09-18T16:52:38Z" name="Https" description="Validate Https" data-provider="Https" finished-at="2020-09-18T16:52:38Z" duration-ms="278" status="PASS">
          <params>
            <param index="0">
              <value>
                <![CDATA[https://services.whatsonindia.com/recoStar/recoStarHost.svc/onnowprogrammes/v2?apikey=400d6f2f655a60900de82d5e9401c16d1df2a4a5&responseformat=json&responselanguage=english&context=headendid=2645;applicationname=Standard;pagesize=20;programmeimagewidth=360;programmeimageheight=270;channelimagewidth=3840;channelimageheight=2160&pageno=1&Cast=salman khan&logotype=Dark]]>
              </value>
            </param>
          </params>
          <reporter-output>
          </reporter-output>
        </test-method> <!-- Https -->
        <test-method is-config="true" signature="beforeTestCase(java.lang.reflect.Method)[pri:0, instance:Tests.LinearAPITests.Https@4e517165]" started-at="2020-09-18T16:52:38Z" name="beforeTestCase" finished-at="2020-09-18T16:52:38Z" duration-ms="1" status="PASS">
          <params>
            <param index="0">
              <value>
                <![CDATA[public void Tests.LinearAPITests.Https.Https(java.lang.String) throws java.lang.Exception]]>
              </value>
            </param>
          </params>
          <reporter-output>
          </reporter-output>
        </test-method> <!-- beforeTestCase -->
        <test-method signature="Https(java.lang.String)[pri:0, instance:Tests.LinearAPITests.Https@4e517165]" started-at="2020-09-18T16:52:38Z" name="Https" description="Validate Https" data-provider="Https" finished-at="2020-09-18T16:52:38Z" duration-ms="93" status="PASS">
          <params>
            <param index="0">
              <value>
                <![CDATA[https://services.whatsonindia.com/RecoStar/RecoStarHost.svc/Search/v5?apikey=cbda9f946aa6531135c22ec57f311100d1ae6702&responseformat=json&responselanguage=english&pageno=1&context=programmeimagedimension=xlarge;channelimagewidth=360;channelimageheight=270;applicationname=StarTV;headendid=4232&searchvalue=Formula&searchcriteria=&userid=0]]>
              </value>
            </param>
          </params>
          <reporter-output>
          </reporter-output>
        </test-method> <!-- Https -->
        <test-method signature="Https(java.lang.String)[pri:0, instance:Tests.LinearAPITests.Https@4e517165]" started-at="2020-09-18T16:52:38Z" name="Https" description="Validate Https" data-provider="Https" finished-at="2020-09-18T16:52:38Z" duration-ms="92" status="FAIL">
          <params>
            <param index="0">
              <value>
                <![CDATA[https://services.whatsonindia.com/Operator/Operator.svc/channelbydisplayname/v2?apikey=d6385a5e54213bf645222ecd6b74244e0db3e995&responseformat=json&responselanguage=english&channeldisplayname=colors&context=headendid=2645;applicationname=Test;channelimagewidth=360&logotype=transparent]]>
              </value>
            </param>
          </params>
          <exception class="java.lang.AssertionError">
            <message>
              <![CDATA[channellogourl mismatch]]>
            </message>
            <full-stacktrace>
              <![CDATA[java.lang.AssertionError: channellogourl mismatch
at org.testng.Assert.fail(Assert.java:96)
at Tests.LinearAPITests.Https.Https(Https.java:166)
at jdk.internal.reflect.GeneratedMethodAccessor3.invoke(Unknown Source)
at java.base/jdk.internal.reflect.DelegatingMethodAccessorImpl.invoke(DelegatingMethodAccessorImpl.java:43)
at java.base/java.lang.reflect.Method.invoke(Method.java:564)
at org.testng.internal.MethodInvocationHelper.invokeMethod(MethodInvocationHelper.java:124)
at org.testng.internal.Invoker.invokeMethod(Invoker.java:583)
at org.testng.internal.Invoker.invokeTestMethod(Invoker.java:719)
at org.testng.internal.Invoker.invokeTestMethods(Invoker.java:989)
at org.testng.internal.TestMethodWorker.invokeTestMethods(TestMethodWorker.java:125)
at org.testng.internal.TestMethodWorker.run(TestMethodWorker.java:109)
at org.testng.TestRunner.privateRun(TestRunner.java:648)
at org.testng.TestRunner.run(TestRunner.java:505)
at org.testng.SuiteRunner.runTest(SuiteRunner.java:455)
at org.testng.SuiteRunner.runSequentially(SuiteRunner.java:450)
at org.testng.SuiteRunner.privateRun(SuiteRunner.java:415)
at org.testng.SuiteRunner.run(SuiteRunner.java:364)
at org.testng.SuiteRunnerWorker.runSuite(SuiteRunnerWorker.java:52)
at org.testng.SuiteRunnerWorker.run(SuiteRunnerWorker.java:84)
at org.testng.TestNG.runSuitesSequentially(TestNG.java:1208)
at org.testng.TestNG.runSuitesLocally(TestNG.java:1137)
at org.testng.TestNG.runSuites(TestNG.java:1049)
at org.testng.TestNG.run(TestNG.java:1017)
at org.testng.IDEARemoteTestNG.run(IDEARemoteTestNG.java:72)
at org.testng.RemoteTestNGStarter.main(RemoteTestNGStarter.java:123)
]]>
            </full-stacktrace>
          </exception> <!-- java.lang.AssertionError -->
          <reporter-output>
          </reporter-output>
        </test-method> <!-- Https -->
        <test-method is-config="true" signature="beforeTestCase(java.lang.reflect.Method)[pri:0, instance:Tests.LinearAPITests.Https@4e517165]" started-at="2020-09-18T16:52:38Z" name="beforeTestCase" finished-at="2020-09-18T16:52:38Z" duration-ms="0" status="PASS">
          <params>
            <param index="0">
              <value>
                <![CDATA[public void Tests.LinearAPITests.Https.Https(java.lang.String) throws java.lang.Exception]]>
              </value>
            </param>
          </params>
          <reporter-output>
          </reporter-output>
        </test-method> <!-- beforeTestCase -->
        <test-method is-config="true" signature="beforeTestCase(java.lang.reflect.Method)[pri:0, instance:Tests.LinearAPITests.Https@4e517165]" started-at="2020-09-18T16:52:38Z" name="beforeTestCase" finished-at="2020-09-18T16:52:38Z" duration-ms="1" status="PASS">
          <params>
            <param index="0">
              <value>
                <![CDATA[public void Tests.LinearAPITests.Https.Https(java.lang.String) throws java.lang.Exception]]>
              </value>
            </param>
          </params>
          <reporter-output>
          </reporter-output>
        </test-method> <!-- beforeTestCase -->
        <test-method signature="Https(java.lang.String)[pri:0, instance:Tests.LinearAPITests.Https@4e517165]" started-at="2020-09-18T16:52:38Z" name="Https" description="Validate Https" data-provider="Https" finished-at="2020-09-18T16:52:45Z" duration-ms="7086" status="PASS">
          <params>
            <param index="0">
              <value>
                <![CDATA[https://services.whatsonindia.com/recoStar/recoStarHost.svc/TopRatedProgrammes/v4?apikey=224b4abdea2bf26fdd64a13e71029cf0d37606ac&responseformat=json&responselanguage=english&pageno=1&headendcolumnlist=lcn,channelid&context=headendid=9641;applicationname=standard;outdatetimeformat=s;sortfield=starttime;programmeimagewidth=360;programmeimageheight=270;channelimagewidth=3840;channelimageheight=2160;pagesize=20&fromdatetime=201805170000&enddatetime=201805170100&logotype=Dark]]>
              </value>
            </param>
          </params>
          <reporter-output>
          </reporter-output>
        </test-method> <!-- Https -->
        <test-method is-config="true" signature="beforeTestCase(java.lang.reflect.Method)[pri:0, instance:Tests.LinearAPITests.Https@4e517165]" started-at="2020-09-18T16:52:45Z" name="beforeTestCase" finished-at="2020-09-18T16:52:45Z" duration-ms="1" status="PASS">
          <params>
            <param index="0">
              <value>
                <![CDATA[public void Tests.LinearAPITests.Https.Https(java.lang.String) throws java.lang.Exception]]>
              </value>
            </param>
          </params>
          <reporter-output>
          </reporter-output>
        </test-method> <!-- beforeTestCase -->
        <test-method signature="Https(java.lang.String)[pri:0, instance:Tests.LinearAPITests.Https@4e517165]" started-at="2020-09-18T16:52:45Z" name="Https" description="Validate Https" data-provider="Https" finished-at="2020-09-18T16:52:46Z" duration-ms="801" status="PASS">
          <params>
            <param index="0">
              <value>
                <![CDATA[https://services.whatsonindia.com/recoStar/recoStarHost.svc/onnowprogrammes/v3?apikey=400d6f2f655a60900de82d5e9401c16d1df2a4a5&responseformat=json&responselanguage=english&context=headendid=2645;applicationname=Standard;pagesize=20;programmeimagewidth=360;programmeimageheight=270;channelimagewidth=3840;channelimageheight=2160&pageno=1&Cast=salman khan&logotype=Dark]]>
              </value>
            </param>
          </params>
          <reporter-output>
          </reporter-output>
        </test-method> <!-- Https -->
        <test-method is-config="true" signature="beforeTestCase(java.lang.reflect.Method)[pri:0, instance:Tests.LinearAPITests.Https@4e517165]" started-at="2020-09-18T16:52:46Z" name="beforeTestCase" finished-at="2020-09-18T16:52:46Z" duration-ms="0" status="PASS">
          <params>
            <param index="0">
              <value>
                <![CDATA[public void Tests.LinearAPITests.Https.Https(java.lang.String) throws java.lang.Exception]]>
              </value>
            </param>
          </params>
          <reporter-output>
          </reporter-output>
        </test-method> <!-- beforeTestCase -->
        <test-method signature="Https(java.lang.String)[pri:0, instance:Tests.LinearAPITests.Https@4e517165]" started-at="2020-09-18T16:52:46Z" name="Https" description="Validate Https" data-provider="Https" finished-at="2020-09-18T16:52:46Z" duration-ms="149" status="PASS">
          <params>
            <param index="0">
              <value>
                <![CDATA[https://services.whatsonindia.com/RecoStar/RecoStarHost.svc/Search/v2?apikey=cbda9f946aa6531135c22ec57f311100d1ae6702&responseformat=json&responselanguage=english&pageno=1&context=programmeimagedimension=xlarge;channelimagedimension=medium;applicationname=StarTV;headendid=4232&searchvalue=Formula&searchcriteria=&userid=0]]>
              </value>
            </param>
          </params>
          <reporter-output>
          </reporter-output>
        </test-method> <!-- Https -->
      </class> <!-- Tests.LinearAPITests.Https -->
    </test> <!-- API Tests -->
  </suite> <!-- Test Suite -->
</testng-results>
